[GIN-debug] [WARNING] Running in "debug" mode. Switch to "release" mode in production.
 - using env:	export GIN_MODE=release
 - using code:	gin.SetMode(gin.ReleaseMode)

[GIN-debug] POST   /v2/registrator           --> graduate_registrator/views.UserRegistrator (1 handlers)
[GIN-debug] POST   /v2/get_password_by_email --> graduate_registrator/views.GetPasswordByEmail (1 handlers)
[GIN-debug] POST   /v2/get_validate_code     --> graduate_registrator/views.GetValidateCode (1 handlers)
[GIN-debug] Listening and serving HTTP on 0.0.0.0:9370
[GIN-debug] [WARNING] Running in "debug" mode. Switch to "release" mode in production.
 - using env:	export GIN_MODE=release
 - using code:	gin.SetMode(gin.ReleaseMode)

[GIN-debug] POST   /v2/registrator           --> graduate_registrator/views.UserRegistrator (1 handlers)
[GIN-debug] POST   /v2/get_password_by_email --> graduate_registrator/views.GetPasswordByEmail (1 handlers)
[GIN-debug] POST   /v2/get_validate_code     --> graduate_registrator/views.GetValidateCode (1 handlers)
[GIN-debug] Listening and serving HTTP on 0.0.0.0:9370
[GIN-debug] [ERROR] listen tcp 0.0.0.0:9370: bind: address already in use
listen tcp 0.0.0.0:9370: bind: address already in use
[GIN-debug] [WARNING] Running in "debug" mode. Switch to "release" mode in production.
 - using env:	export GIN_MODE=release
 - using code:	gin.SetMode(gin.ReleaseMode)

[GIN-debug] POST   /v2/registrator           --> graduate_registrator/views.UserRegistrator (1 handlers)
[GIN-debug] POST   /v2/get_password_by_email --> graduate_registrator/views.GetPasswordByEmail (1 handlers)
[GIN-debug] POST   /v2/get_validate_code     --> graduate_registrator/views.GetValidateCode (1 handlers)
[GIN-debug] Listening and serving HTTP on 0.0.0.0:9370
[GIN-debug] [ERROR] listen tcp 0.0.0.0:9370: bind: address already in use
listen tcp 0.0.0.0:9370: bind: address already in use
LoginController req=&{2731554511@qq.com} LoginController req=&{2731554511@qq.com} 
[35m(/usr/local/gopath/src/backend/graduate_registraor/model/user_info.go:46)[0m 
[33m[2020-03-31 13:17:39][0m  [36;1m[19.28ms][0m  SELECT * FROM `user_info`  WHERE (email='2731554511@qq.com') ORDER BY `user_info`.`id` DESC LIMIT 1  
[36;31m[1 rows affected or returned ][0m 
é‚®ç®±å·²è¢«æ³¨å†Œ2731554511@qq.comè¯¥é‚®ç®±å·²è¢«æ³¨å†Œ

[35m(/usr/local/gopath/src/backend/graduate_registraor/model/user_info.go:46)[0m 
[33m[2020-03-31 13:17:40][0m  [36;1m[20.94ms][0m  SELECT * FROM `user_info`  WHERE (email='2731554511@qq.com') ORDER BY `user_info`.`id` DESC LIMIT 1  
[36;31m[1 rows affected or returned ][0m 
é‚®ç®±å·²è¢«æ³¨å†Œ2731554511@qq.comè¯¥é‚®ç®±å·²è¢«æ³¨å†Œ

[35m(/usr/local/gopath/src/backend/graduate_registraor/model/user_info.go:46)[0m 
[33m[2020-03-31 13:17:41][0m  [36;1m[13.74ms][0m  SELECT * FROM `user_info`  WHERE (email='2731554511@qq.com') ORDER BY `user_info`.`id` DESC LIMIT 1  
[36;31m[1 rows affected or returned ][0m 
é‚®ç®±å·²è¢«æ³¨å†Œ2731554511@qq.comè¯¥é‚®ç®±å·²è¢«æ³¨å†Œ

[35m(/usr/local/gopath/src/backend/graduate_registraor/model/user_info.go:46)[0m 
[33m[2020-03-31 13:17:41][0m  [36;1m[27.90ms][0m  SELECT * FROM `user_info`  WHERE (email='2731554511@qq.com') ORDER BY `user_info`.`id` DESC LIMIT 1  
[36;31m[1 rows affected or returned ][0m 
é‚®ç®±å·²è¢«æ³¨å†Œ2731554511@qq.comè¯¥é‚®ç®±å·²è¢«æ³¨å†Œ

[35m(/usr/local/gopath/src/backend/graduate_registraor/model/user_info.go:46)[0m 
[33m[2020-03-31 13:17:41][0m  [36;1m[18.44ms][0m  SELECT * FROM `user_info`  WHERE (email='2731554511@qq.com') ORDER BY `user_info`.`id` DESC LIMIT 1  
[36;31m[1 rows affected or returned ][0m 
é‚®ç®±å·²è¢«æ³¨å†Œ2731554511@qq.comè¯¥é‚®ç®±å·²è¢«æ³¨å†Œ

[35m(/usr/local/gopath/src/backend/graduate_registraor/model/user_info.go:46)[0m 
[33m[2020-03-31 13:17:42][0m  [36;1m[22.25ms][0m  SELECT * FROM `user_info`  WHERE (email='2731554511@qq.com') ORDER BY `user_info`.`id` DESC LIMIT 1  
[36;31m[1 rows affected or returned ][0m 
é‚®ç®±å·²è¢«æ³¨å†Œ2731554511@qq.comè¯¥é‚®ç®±å·²è¢«æ³¨å†Œ

[35m(/usr/local/gopath/src/backend/graduate_registraor/model/user_info.go:46)[0m 
[33m[2020-03-31 13:17:42][0m  [36;1m[18.74ms][0m  SELECT * FROM `user_info`  WHERE (email='2731554511@qq.com') ORDER BY `user_info`.`id` DESC LIMIT 1  
[36;31m[1 rows affected or returned ][0m 
é‚®ç®±å·²è¢«æ³¨å†Œ2731554511@qq.comè¯¥é‚®ç®±å·²è¢«æ³¨å†Œ

[35m(/usr/local/gopath/src/backend/graduate_registraor/model/user_info.go:46)[0m 
[33m[2020-03-31 13:17:42][0m  [36;1m[12.77ms][0m  SELECT * FROM `user_info`  WHERE (email='2731554511@qq.com') ORDER BY `user_info`.`id` DESC LIMIT 1  
[36;31m[1 rows affected or returned ][0m 
é‚®ç®±å·²è¢«æ³¨å†Œ2731554511@qq.comè¯¥é‚®ç®±å·²è¢«æ³¨å†Œ

[35m(/usr/local/gopath/src/backend/graduate_registraor/model/user_info.go:46)[0m 
[33m[2020-03-31 13:17:43][0m  [36;1m[16.52ms][0m  SELECT * FROM `user_info`  WHERE (email='2731554511@qq.com') ORDER BY `user_info`.`id` DESC LIMIT 1  
[36;31m[1 rows affected or returned ][0m 
é‚®ç®±å·²è¢«æ³¨å†Œ2731554511@qq.comè¯¥é‚®ç®±å·²è¢«æ³¨å†Œ

[35m(/usr/local/gopath/src/backend/graduate_registraor/model/user_info.go:46)[0m 
[33m[2020-03-31 13:17:43][0m  [36;1m[23.39ms][0m  SELECT * FROM `user_info`  WHERE (email='2731554511@qq.com') ORDER BY `user_info`.`id` DESC LIMIT 1  
[36;31m[1 rows affected or returned ][0m 
é‚®ç®±å·²è¢«æ³¨å†Œ2731554511@qq.comè¯¥é‚®ç®±å·²è¢«æ³¨å†Œ

[35m(/usr/local/gopath/src/backend/graduate_registraor/model/user_info.go:46)[0m 
[33m[2020-03-31 13:17:43][0m  [36;1m[19.48ms][0m  SELECT * FROM `user_info`  WHERE (email='2731554511@qq.com') ORDER BY `user_info`.`id` DESC LIMIT 1  
[36;31m[1 rows affected or returned ][0m 
é‚®ç®±å·²è¢«æ³¨å†Œ2731554511@qq.comè¯¥é‚®ç®±å·²è¢«æ³¨å†Œ

[35m(/usr/local/gopath/src/backend/graduate_registraor/model/user_info.go:46)[0m 
[33m[2020-03-31 13:17:43][0m  [36;1m[16.03ms][0m  SELECT * FROM `user_info`  WHERE (email='2731554511@qq.com') ORDER BY `user_info`.`id` DESC LIMIT 1  
[36;31m[1 rows affected or returned ][0m 
é‚®ç®±å·²è¢«æ³¨å†Œ2731554511@qq.comè¯¥é‚®ç®±å·²è¢«æ³¨å†Œ

[35m(/usr/local/gopath/src/backend/graduate_registraor/model/user_info.go:46)[0m 
[33m[2020-03-31 13:17:44][0m  [36;1m[12.44ms][0m  SELECT * FROM `user_info`  WHERE (email='2731554511@qq.com') ORDER BY `user_info`.`id` DESC LIMIT 1  
[36;31m[1 rows affected or returned ][0m 
é‚®ç®±å·²è¢«æ³¨å†Œ2731554511@qq.comè¯¥é‚®ç®±å·²è¢«æ³¨å†Œ

[35m(/usr/local/gopath/src/backend/graduate_registraor/model/user_info.go:46)[0m 
[33m[2020-03-31 13:17:44][0m  [36;1m[6.88ms][0m  SELECT * FROM `user_info`  WHERE (email='2731554511@qq.com') ORDER BY `user_info`.`id` DESC LIMIT 1  
[36;31m[1 rows affected or returned ][0m 
é‚®ç®±å·²è¢«æ³¨å†Œ2731554511@qq.comè¯¥é‚®ç®±å·²è¢«æ³¨å†Œ

[35m(/usr/local/gopath/src/backend/graduate_registraor/model/user_info.go:46)[0m 
[33m[2020-03-31 13:17:44][0m  [36;1m[12.88ms][0m  SELECT * FROM `user_info`  WHERE (email='2731554511@qq.com') ORDER BY `user_info`.`id` DESC LIMIT 1  
[36;31m[1 rows affected or returned ][0m 
é‚®ç®±å·²è¢«æ³¨å†Œ2731554511@qq.comè¯¥é‚®ç®±å·²è¢«æ³¨å†Œ

[35m(/usr/local/gopath/src/backend/graduate_registraor/model/user_info.go:46)[0m 
[33m[2020-03-31 13:17:45][0m  [36;1m[16.99ms][0m  SELECT * FROM `user_info`  WHERE (email='2731554511@qq.com') ORDER BY `user_info`.`id` DESC LIMIT 1  
[36;31m[1 rows affected or returned ][0m 
é‚®ç®±å·²è¢«æ³¨å†Œ2731554511@qq.comè¯¥é‚®ç®±å·²è¢«æ³¨å†Œ

[35m(/usr/local/gopath/src/backend/graduate_registraor/model/user_info.go:46)[0m 
[33m[2020-03-31 13:17:45][0m  [36;1m[15.71ms][0m  SELECT * FROM `user_info`  WHERE (email='2731554511@qq.com') ORDER BY `user_info`.`id` DESC LIMIT 1  
[36;31m[1 rows affected or returned ][0m 
é‚®ç®±å·²è¢«æ³¨å†Œ2731554511@qq.comè¯¥é‚®ç®±å·²è¢«æ³¨å†Œ

[35m(/usr/local/gopath/src/backend/graduate_registraor/model/user_info.go:46)[0m 
[33m[2020-03-31 13:17:45][0m  [36;1m[7.97ms][0m  SELECT * FROM `user_info`  WHERE (email='2731554511@qq.com') ORDER BY `user_info`.`id` DESC LIMIT 1  
[36;31m[1 rows affected or returned ][0m 
é‚®ç®±å·²è¢«æ³¨å†Œ2731554511@qq.comè¯¥é‚®ç®±å·²è¢«æ³¨å†Œ

[35m(/usr/local/gopath/src/backend/graduate_registraor/model/user_info.go:46)[0m 
[33m[2020-03-31 13:17:45][0m  [36;1m[17.07ms][0m  SELECT * FROM `user_info`  WHERE (email='2731554511@qq.com') ORDER BY `user_info`.`id` DESC LIMIT 1  
[36;31m[1 rows affected or returned ][0m 
é‚®ç®±å·²è¢«æ³¨å†Œ2731554511@qq.comè¯¥é‚®ç®±å·²è¢«æ³¨å†Œ

[35m(/usr/local/gopath/src/backend/graduate_registraor/model/user_info.go:46)[0m 
[33m[2020-03-31 13:17:46][0m  [36;1m[21.05ms][0m  SELECT * FROM `user_info`  WHERE (email='2731554511@qq.com') ORDER BY `user_info`.`id` DESC LIMIT 1  
[36;31m[1 rows affected or returned ][0m 
é‚®ç®±å·²è¢«æ³¨å†Œ2731554511@qq.comè¯¥é‚®ç®±å·²è¢«æ³¨å†Œ

[35m(/usr/local/gopath/src/backend/graduate_registraor/model/user_info.go:46)[0m 
[33m[2020-03-31 13:17:46][0m  [36;1m[12.65ms][0m  SELECT * FROM `user_info`  WHERE (email='2731554511@qq.com') ORDER BY `user_info`.`id` DESC LIMIT 1  
[36;31m[1 rows affected or returned ][0m 
é‚®ç®±å·²è¢«æ³¨å†Œ2731554511@qq.comè¯¥é‚®ç®±å·²è¢«æ³¨å†Œ

[35m(/usr/local/gopath/src/backend/graduate_registraor/model/user_info.go:46)[0m 
[33m[2020-03-31 13:17:46][0m  [36;1m[12.73ms][0m  SELECT * FROM `user_info`  WHERE (email='2731554511@qq.com') ORDER BY `user_info`.`id` DESC LIMIT 1  
[36;31m[1 rows affected or returned ][0m 
é‚®ç®±å·²è¢«æ³¨å†Œ2731554511@qq.comè¯¥é‚®ç®±å·²è¢«æ³¨å†Œ

[35m(/usr/local/gopath/src/backend/graduate_registraor/model/user_info.go:46)[0m 
[33m[2020-03-31 13:17:47][0m  [36;1m[19.20ms][0m  SELECT * FROM `user_info`  WHERE (email='2731554511@qq.com') ORDER BY `user_info`.`id` DESC LIMIT 1  
[36;31m[1 rows affected or returned ][0m 
é‚®ç®±å·²è¢«æ³¨å†Œ2731554511@qq.comè¯¥é‚®ç®±å·²è¢«æ³¨å†Œ

[35m(/usr/local/gopath/src/backend/graduate_registraor/model/user_info.go:46)[0m 
[33m[2020-03-31 13:17:47][0m  [36;1m[13.98ms][0m  SELECT * FROM `user_info`  WHERE (email='2731554511@qq.com') ORDER BY `user_info`.`id` DESC LIMIT 1  
[36;31m[1 rows affected or returned ][0m 
é‚®ç®±å·²è¢«æ³¨å†Œ2731554511@qq.comè¯¥é‚®ç®±å·²è¢«æ³¨å†Œ

[35m(/usr/local/gopath/src/backend/graduate_registraor/model/user_info.go:46)[0m 
[33m[2020-03-31 13:17:47][0m  [36;1m[11.44ms][0m  SELECT * FROM `user_info`  WHERE (email='2731554511@qq.com') ORDER BY `user_info`.`id` DESC LIMIT 1  
[36;31m[1 rows affected or returned ][0m 
é‚®ç®±å·²è¢«æ³¨å†Œ2731554511@qq.comè¯¥é‚®ç®±å·²è¢«æ³¨å†Œ

[35m(/usr/local/gopath/src/backend/graduate_registraor/model/user_info.go:46)[0m 
[33m[2020-03-31 13:17:47][0m  [36;1m[10.13ms][0m  SELECT * FROM `user_info`  WHERE (email='2731554511@qq.com') ORDER BY `user_info`.`id` DESC LIMIT 1  
[36;31m[1 rows affected or returned ][0m 
é‚®ç®±å·²è¢«æ³¨å†Œ2731554511@qq.comè¯¥é‚®ç®±å·²è¢«æ³¨å†Œ

[35m(/usr/local/gopath/src/backend/graduate_registraor/model/user_info.go:46)[0m 
[33m[2020-03-31 13:17:48][0m  [36;1m[23.06ms][0m  SELECT * FROM `user_info`  WHERE (email='2731554511@qq.com') ORDER BY `user_info`.`id` DESC LIMIT 1  
[36;31m[1 rows affected or returned ][0m 
é‚®ç®±å·²è¢«æ³¨å†Œ2731554511@qq.comè¯¥é‚®ç®±å·²è¢«æ³¨å†Œ

[35m(/usr/local/gopath/src/backend/graduate_registraor/model/user_info.go:46)[0m 
[33m[2020-03-31 13:17:48][0m  [36;1m[23.92ms][0m  SELECT * FROM `user_info`  WHERE (email='2731554511@qq.com') ORDER BY `user_info`.`id` DESC LIMIT 1  
[36;31m[1 rows affected or returned ][0m 
é‚®ç®±å·²è¢«æ³¨å†Œ2731554511@qq.comè¯¥é‚®ç®±å·²è¢«æ³¨å†Œ

[35m(/usr/local/gopath/src/backend/graduate_registraor/model/user_info.go:46)[0m 
[33m[2020-03-31 13:17:49][0m  [36;1m[19.03ms][0m  SELECT * FROM `user_info`  WHERE (email='2731554511@qq.com') ORDER BY `user_info`.`id` DESC LIMIT 1  
[36;31m[1 rows affected or returned ][0m 
é‚®ç®±å·²è¢«æ³¨å†Œ2731554511@qq.comè¯¥é‚®ç®±å·²è¢«æ³¨å†Œ

[35m(/usr/local/gopath/src/backend/graduate_registraor/model/user_info.go:46)[0m 
[33m[2020-03-31 13:17:49][0m  [36;1m[24.26ms][0m  SELECT * FROM `user_info`  WHERE (email='2731554511@qq.com') ORDER BY `user_info`.`id` DESC LIMIT 1  
[36;31m[1 rows affected or returned ][0m 
é‚®ç®±å·²è¢«æ³¨å†Œ2731554511@qq.comè¯¥é‚®ç®±å·²è¢«æ³¨å†Œ

[35m(/usr/local/gopath/src/backend/graduate_registraor/model/user_info.go:46)[0m 
[33m[2020-03-31 13:17:50][0m  [36;1m[13.19ms][0m  SELECT * FROM `user_info`  WHERE (email='2731554511@qq.com') ORDER BY `user_info`.`id` DESC LIMIT 1  
[36;31m[1 rows affected or returned ][0m 
é‚®ç®±å·²è¢«æ³¨å†Œ2731554511@qq.comè¯¥é‚®ç®±å·²è¢«æ³¨å†Œ

[35m(/usr/local/gopath/src/backend/graduate_registraor/model/user_info.go:46)[0m 
[33m[2020-03-31 13:17:50][0m  [36;1m[23.02ms][0m  SELECT * FROM `user_info`  WHERE (email='2731554511@qq.com') ORDER BY `user_info`.`id` DESC LIMIT 1  
[36;31m[1 rows affected or returned ][0m 
é‚®ç®±å·²è¢«æ³¨å†Œ2731554511@qq.comè¯¥é‚®ç®±å·²è¢«æ³¨å†Œ

[35m(/usr/local/gopath/src/backend/graduate_registraor/model/user_info.go:46)[0m 
[33m[2020-03-31 13:17:50][0m  [36;1m[10.39ms][0m  SELECT * FROM `user_info`  WHERE (email='2731554511@qq.com') ORDER BY `user_info`.`id` DESC LIMIT 1  
[36;31m[1 rows affected or returned ][0m 
é‚®ç®±å·²è¢«æ³¨å†Œ2731554511@qq.comè¯¥é‚®ç®±å·²è¢«æ³¨å†Œ

[35m(/usr/local/gopath/src/backend/graduate_registraor/model/user_info.go:46)[0m 
[33m[2020-03-31 13:17:51][0m  [36;1m[17.89ms][0m  SELECT * FROM `user_info`  WHERE (email='2731554511@qq.com') ORDER BY `user_info`.`id` DESC LIMIT 1  
[36;31m[1 rows affected or returned ][0m 
é‚®ç®±å·²è¢«æ³¨å†Œ2731554511@qq.comè¯¥é‚®ç®±å·²è¢«æ³¨å†Œ

[35m(/usr/local/gopath/src/backend/graduate_registraor/model/user_info.go:46)[0m 
[33m[2020-03-31 13:17:51][0m  [36;1m[14.91ms][0m  SELECT * FROM `user_info`  WHERE (email='2731554511@qq.com') ORDER BY `user_info`.`id` DESC LIMIT 1  
[36;31m[1 rows affected or returned ][0m 
é‚®ç®±å·²è¢«æ³¨å†Œ2731554511@qq.comè¯¥é‚®ç®±å·²è¢«æ³¨å†Œ

[35m(/usr/local/gopath/src/backend/graduate_registraor/model/user_info.go:46)[0m 
[33m[2020-03-31 13:17:51][0m  [36;1m[17.48ms][0m  SELECT * FROM `user_info`  WHERE (email='2731554511@qq.com') ORDER BY `user_info`.`id` DESC LIMIT 1  
[36;31m[1 rows affected or returned ][0m 
é‚®ç®±å·²è¢«æ³¨å†Œ2731554511@qq.comè¯¥é‚®ç®±å·²è¢«æ³¨å†Œ

[35m(/usr/local/gopath/src/backend/graduate_registraor/model/user_info.go:46)[0m 
[33m[2020-03-31 13:17:52][0m  [36;1m[23.16ms][0m  SELECT * FROM `user_info`  WHERE (email='2731554511@qq.com') ORDER BY `user_info`.`id` DESC LIMIT 1  
[36;31m[1 rows affected or returned ][0m 
é‚®ç®±å·²è¢«æ³¨å†Œ2731554511@qq.comè¯¥é‚®ç®±å·²è¢«æ³¨å†Œ

[35m(/usr/local/gopath/src/backend/graduate_registraor/model/user_info.go:46)[0m 
[33m[2020-03-31 13:17:52][0m  [36;1m[16.27ms][0m  SELECT * FROM `user_info`  WHERE (email='2731554511@qq.com') ORDER BY `user_info`.`id` DESC LIMIT 1  
[36;31m[1 rows affected or returned ][0m 
é‚®ç®±å·²è¢«æ³¨å†Œ2731554511@qq.comè¯¥é‚®ç®±å·²è¢«æ³¨å†Œ

[35m(/usr/local/gopath/src/backend/graduate_registraor/model/user_info.go:46)[0m 
[33m[2020-03-31 13:17:52][0m  [36;1m[8.91ms][0m  SELECT * FROM `user_info`  WHERE (email='2731554511@qq.com') ORDER BY `user_info`.`id` DESC LIMIT 1  
[36;31m[1 rows affected or returned ][0m 
é‚®ç®±å·²è¢«æ³¨å†Œ2731554511@qq.comè¯¥é‚®ç®±å·²è¢«æ³¨å†Œ

[35m(/usr/local/gopath/src/backend/graduate_registraor/model/user_info.go:46)[0m 
[33m[2020-03-31 13:17:53][0m  [36;1m[23.13ms][0m  SELECT * FROM `user_info`  WHERE (email='2731554511@qq.com') ORDER BY `user_info`.`id` DESC LIMIT 1  
[36;31m[1 rows affected or returned ][0m 
é‚®ç®±å·²è¢«æ³¨å†Œ2731554511@qq.comè¯¥é‚®ç®±å·²è¢«æ³¨å†Œ

[35m(/usr/local/gopath/src/backend/graduate_registraor/model/user_info.go:46)[0m 
[33m[2020-03-31 13:17:53][0m  [36;1m[12.87ms][0m  SELECT * FROM `user_info`  WHERE (email='2731554511@qq.com') ORDER BY `user_info`.`id` DESC LIMIT 1  
[36;31m[1 rows affected or returned ][0m 
é‚®ç®±å·²è¢«æ³¨å†Œ2731554511@qq.comè¯¥é‚®ç®±å·²è¢«æ³¨å†Œ

[35m(/usr/local/gopath/src/backend/graduate_registraor/model/user_info.go:46)[0m 
[33m[2020-03-31 13:17:54][0m  [36;1m[17.03ms][0m  SELECT * FROM `user_info`  WHERE (email='2731554511@qq.com') ORDER BY `user_info`.`id` DESC LIMIT 1  
[36;31m[1 rows affected or returned ][0m 
é‚®ç®±å·²è¢«æ³¨å†Œ2731554511@qq.comè¯¥é‚®ç®±å·²è¢«æ³¨å†Œ

[35m(/usr/local/gopath/src/backend/graduate_registraor/model/user_info.go:46)[0m 
[33m[2020-03-31 13:17:55][0m  [36;1m[16.69ms][0m  SELECT * FROM `user_info`  WHERE (email='2731554511@qq.com') ORDER BY `user_info`.`id` DESC LIMIT 1  
[36;31m[1 rows affected or returned ][0m 
é‚®ç®±å·²è¢«æ³¨å†Œ2731554511@qq.comè¯¥é‚®ç®±å·²è¢«æ³¨å†Œ

[35m(/usr/local/gopath/src/backend/graduate_registraor/model/user_info.go:46)[0m 
[33m[2020-03-31 13:17:55][0m  [36;1m[14.02ms][0m  SELECT * FROM `user_info`  WHERE (email='2731554511@qq.com') ORDER BY `user_info`.`id` DESC LIMIT 1  
[36;31m[1 rows affected or returned ][0m 
é‚®ç®±å·²è¢«æ³¨å†Œ2731554511@qq.comè¯¥é‚®ç®±å·²è¢«æ³¨å†Œ

[35m(/usr/local/gopath/src/backend/graduate_registraor/model/user_info.go:46)[0m 
[33m[2020-03-31 13:17:55][0m  [36;1m[14.08ms][0m  SELECT * FROM `user_info`  WHERE (email='2731554511@qq.com') ORDER BY `user_info`.`id` DESC LIMIT 1  
[36;31m[1 rows affected or returned ][0m 
é‚®ç®±å·²è¢«æ³¨å†Œ2731554511@qq.comè¯¥é‚®ç®±å·²è¢«æ³¨å†Œ

[35m(/usr/local/gopath/src/backend/graduate_registraor/model/user_info.go:46)[0m 
[33m[2020-03-31 13:17:55][0m  [36;1m[17.09ms][0m  SELECT * FROM `user_info`  WHERE (email='2731554511@qq.com') ORDER BY `user_info`.`id` DESC LIMIT 1  
[36;31m[1 rows affected or returned ][0m 
é‚®ç®±å·²è¢«æ³¨å†Œ2731554511@qq.comè¯¥é‚®ç®±å·²è¢«æ³¨å†Œ

[35m(/usr/local/gopath/src/backend/graduate_registraor/model/user_info.go:46)[0m 
[33m[2020-03-31 13:17:56][0m  [36;1m[10.36ms][0m  SELECT * FROM `user_info`  WHERE (email='2731554511@qq.com') ORDER BY `user_info`.`id` DESC LIMIT 1  
[36;31m[1 rows affected or returned ][0m 
é‚®ç®±å·²è¢«æ³¨å†Œ2731554511@qq.comè¯¥é‚®ç®±å·²è¢«æ³¨å†Œ

[35m(/usr/local/gopath/src/backend/graduate_registraor/model/user_info.go:46)[0m 
[33m[2020-03-31 13:17:56][0m  [36;1m[11.84ms][0m  SELECT * FROM `user_info`  WHERE (email='2731554511@qq.com') ORDER BY `user_info`.`id` DESC LIMIT 1  
[36;31m[1 rows affected or returned ][0m 
é‚®ç®±å·²è¢«æ³¨å†Œ2731554511@qq.comè¯¥é‚®ç®±å·²è¢«æ³¨å†Œ

[35m(/usr/local/gopath/src/backend/graduate_registraor/model/user_info.go:46)[0m 
[33m[2020-03-31 13:17:57][0m  [36;1m[19.95ms][0m  SELECT * FROM `user_info`  WHERE (email='2731554511@qq.com') ORDER BY `user_info`.`id` DESC LIMIT 1  
[36;31m[1 rows affected or returned ][0m 
é‚®ç®±å·²è¢«æ³¨å†Œ2731554511@qq.comè¯¥é‚®ç®±å·²è¢«æ³¨å†Œ

[35m(/usr/local/gopath/src/backend/graduate_registraor/model/user_info.go:46)[0m 
[33m[2020-03-31 13:17:57][0m  [36;1m[13.43ms][0m  SELECT * FROM `user_info`  WHERE (email='2731554511@qq.com') ORDER BY `user_info`.`id` DESC LIMIT 1  
[36;31m[1 rows affected or returned ][0m 
é‚®ç®±å·²è¢«æ³¨å†Œ2731554511@qq.comè¯¥é‚®ç®±å·²è¢«æ³¨å†Œ

[35m(/usr/local/gopath/src/backend/graduate_registraor/model/user_info.go:46)[0m 
[33m[2020-03-31 13:17:58][0m  [36;1m[18.03ms][0m  SELECT * FROM `user_info`  WHERE (email='2731554511@qq.com') ORDER BY `user_info`.`id` DESC LIMIT 1  
[36;31m[1 rows affected or returned ][0m 
é‚®ç®±å·²è¢«æ³¨å†Œ2731554511@qq.comè¯¥é‚®ç®±å·²è¢«æ³¨å†Œ

[35m(/usr/local/gopath/src/backend/graduate_registraor/model/user_info.go:46)[0m 
[33m[2020-03-31 13:18:12][0m  [36;1m[14.18ms][0m  SELECT * FROM `user_info`  WHERE (email='2731554511@qq.com') ORDER BY `user_info`.`id` DESC LIMIT 1  
[36;31m[1 rows affected or returned ][0m 
é‚®ç®±å·²è¢«æ³¨å†Œ2731554511@qq.comè¯¥é‚®ç®±å·²è¢«æ³¨å†Œ

[35m(/usr/local/gopath/src/backend/graduate_registraor/model/user_info.go:46)[0m 
[33m[2020-03-31 13:18:12][0m  [36;1m[17.06ms][0m  SELECT * FROM `user_info`  WHERE (email='2731554511@qq.com') ORDER BY `user_info`.`id` DESC LIMIT 1  
[36;31m[1 rows affected or returned ][0m 
é‚®ç®±å·²è¢«æ³¨å†Œ2731554511@qq.comè¯¥é‚®ç®±å·²è¢«æ³¨å†Œ

[35m(/usr/local/gopath/src/backend/graduate_registraor/model/user_info.go:46)[0m 
[33m[2020-03-31 13:18:13][0m  [36;1m[17.95ms][0m  SELECT * FROM `user_info`  WHERE (email='2731554511@qq.com') ORDER BY `user_info`.`id` DESC LIMIT 1  
[36;31m[1 rows affected or returned ][0m 
é‚®ç®±å·²è¢«æ³¨å†Œ2731554511@qq.comè¯¥é‚®ç®±å·²è¢«æ³¨å†Œ

[35m(/usr/local/gopath/src/backend/graduate_registraor/model/user_info.go:46)[0m 
[33m[2020-03-31 13:18:13][0m  [36;1m[13.75ms][0m  SELECT * FROM `user_info`  WHERE (email='2731554511@qq.com') ORDER BY `user_info`.`id` DESC LIMIT 1  
[36;31m[1 rows affected or returned ][0m 
é‚®ç®±å·²è¢«æ³¨å†Œ2731554511@qq.comè¯¥é‚®ç®±å·²è¢«æ³¨å†Œ

[35m(/usr/local/gopath/src/backend/graduate_registraor/model/user_info.go:46)[0m 
[33m[2020-03-31 13:18:13][0m  [36;1m[15.50ms][0m  SELECT * FROM `user_info`  WHERE (email='2731554511@qq.com') ORDER BY `user_info`.`id` DESC LIMIT 1  
[36;31m[1 rows affected or returned ][0m 
é‚®ç®±å·²è¢«æ³¨å†Œ2731554511@qq.comè¯¥é‚®ç®±å·²è¢«æ³¨å†Œ

[35m(/usr/local/gopath/src/backend/graduate_registraor/model/user_info.go:46)[0m 
[33m[2020-03-31 13:18:13][0m  [36;1m[16.41ms][0m  SELECT * FROM `user_info`  WHERE (email='2731554511@qq.com') ORDER BY `user_info`.`id` DESC LIMIT 1  
[36;31m[1 rows affected or returned ][0m 
é‚®ç®±å·²è¢«æ³¨å†Œ2731554511@qq.comè¯¥é‚®ç®±å·²è¢«æ³¨å†Œ

[35m(/usr/local/gopath/src/backend/graduate_registraor/model/user_info.go:46)[0m 
[33m[2020-03-31 13:18:13][0m  [36;1m[24.81ms][0m  SELECT * FROM `user_info`  WHERE (email='2731554511@qq.com') ORDER BY `user_info`.`id` DESC LIMIT 1  
[36;31m[1 rows affected or returned ][0m 
é‚®ç®±å·²è¢«æ³¨å†Œ2731554511@qq.comè¯¥é‚®ç®±å·²è¢«æ³¨å†Œ

[35m(/usr/local/gopath/src/backend/graduate_registraor/model/user_info.go:46)[0m 
[33m[2020-03-31 13:18:14][0m  [36;1m[21.92ms][0m  SELECT * FROM `user_info`  WHERE (email='2731554511@qq.com') ORDER BY `user_info`.`id` DESC LIMIT 1  
[36;31m[1 rows affected or returned ][0m 
é‚®ç®±å·²è¢«æ³¨å†Œ2731554511@qq.comè¯¥é‚®ç®±å·²è¢«æ³¨å†Œ

[35m(/usr/local/gopath/src/backend/graduate_registraor/model/user_info.go:46)[0m 
[33m[2020-03-31 13:18:14][0m  [36;1m[17.86ms][0m  SELECT * FROM `user_info`  WHERE (email='2731554511@qq.com') ORDER BY `user_info`.`id` DESC LIMIT 1  
[36;31m[1 rows affected or returned ][0m 
é‚®ç®±å·²è¢«æ³¨å†Œ2731554511@qq.comè¯¥é‚®ç®±å·²è¢«æ³¨å†Œ

[35m(/usr/local/gopath/src/backend/graduate_registraor/model/user_info.go:46)[0m 
[33m[2020-03-31 13:18:14][0m  [36;1m[17.56ms][0m  SELECT * FROM `user_info`  WHERE (email='2731554511@qq.com') ORDER BY `user_info`.`id` DESC LIMIT 1  
[36;31m[1 rows affected or returned ][0m 
é‚®ç®±å·²è¢«æ³¨å†Œ2731554511@qq.comè¯¥é‚®ç®±å·²è¢«æ³¨å†Œ

[35m(/usr/local/gopath/src/backend/graduate_registraor/model/user_info.go:46)[0m 
[33m[2020-03-31 13:18:14][0m  [36;1m[20.72ms][0m  SELECT * FROM `user_info`  WHERE (email='2731554511@qq.com') ORDER BY `user_info`.`id` DESC LIMIT 1  
[36;31m[1 rows affected or returned ][0m 
é‚®ç®±å·²è¢«æ³¨å†Œ2731554511@qq.comè¯¥é‚®ç®±å·²è¢«æ³¨å†Œ

[35m(/usr/local/gopath/src/backend/graduate_registraor/model/user_info.go:46)[0m 
[33m[2020-03-31 13:18:15][0m  [36;1m[15.74ms][0m  SELECT * FROM `user_info`  WHERE (email='2731554511@qq.com') ORDER BY `user_info`.`id` DESC LIMIT 1  
[36;31m[1 rows affected or returned ][0m 
é‚®ç®±å·²è¢«æ³¨å†Œ2731554511@qq.comè¯¥é‚®ç®±å·²è¢«æ³¨å†Œ

[35m(/usr/local/gopath/src/backend/graduate_registraor/model/user_info.go:46)[0m 
[33m[2020-03-31 13:18:15][0m  [36;1m[15.98ms][0m  SELECT * FROM `user_info`  WHERE (email='2731554511@qq.com') ORDER BY `user_info`.`id` DESC LIMIT 1  
[36;31m[1 rows affected or returned ][0m 
é‚®ç®±å·²è¢«æ³¨å†Œ2731554511@qq.comè¯¥é‚®ç®±å·²è¢«æ³¨å†Œ

[35m(/usr/local/gopath/src/backend/graduate_registraor/model/user_info.go:46)[0m 
[33m[2020-03-31 13:19:10][0m  [36;1m[8.18ms][0m  SELECT * FROM `user_info`  WHERE (email='2731554511@qq.com') ORDER BY `user_info`.`id` DESC LIMIT 1  
[36;31m[1 rows affected or returned ][0m 
é‚®ç®±å·²è¢«æ³¨å†Œ2731554511@qq.comè¯¥é‚®ç®±å·²è¢«æ³¨å†Œ

[35m(/usr/local/gopath/src/backend/graduate_registraor/model/user_info.go:46)[0m 
[33m[2020-03-31 13:19:11][0m  [36;1m[18.32ms][0m  SELECT * FROM `user_info`  WHERE (email='2731554511@qq.com') ORDER BY `user_info`.`id` DESC LIMIT 1  
[36;31m[1 rows affected or returned ][0m 
é‚®ç®±å·²è¢«æ³¨å†Œ2731554511@qq.comè¯¥é‚®ç®±å·²è¢«æ³¨å†Œ

[35m(/usr/local/gopath/src/backend/graduate_registraor/model/user_info.go:46)[0m 
[33m[2020-03-31 13:19:11][0m  [36;1m[17.38ms][0m  SELECT * FROM `user_info`  WHERE (email='2731554511@qq.com') ORDER BY `user_info`.`id` DESC LIMIT 1  
[36;31m[1 rows affected or returned ][0m 
é‚®ç®±å·²è¢«æ³¨å†Œ2731554511@qq.comè¯¥é‚®ç®±å·²è¢«æ³¨å†Œ

[35m(/usr/local/gopath/src/backend/graduate_registraor/model/user_info.go:46)[0m 
[33m[2020-03-31 13:19:11][0m  [36;1m[8.92ms][0m  SELECT * FROM `user_info`  WHERE (email='2731554511@qq.com') ORDER BY `user_info`.`id` DESC LIMIT 1  
[36;31m[1 rows affected or returned ][0m 
é‚®ç®±å·²è¢«æ³¨å†Œ2731554511@qq.comè¯¥é‚®ç®±å·²è¢«æ³¨å†Œ
LoginController req=&{1964252235@qq.com} LoginController req=&{2731554511@qq.com} 
[35m(/usr/local/gopath/src/backend/graduate_registraor/model/user_info.go:46)[0m 
[33m[2020-03-31 15:14:46][0m  [36;1m[16.05ms][0m  SELECT * FROM `user_info`  WHERE (email='2731554511@qq.com') ORDER BY `user_info`.`id` DESC LIMIT 1  
[36;31m[1 rows affected or returned ][0m 
é‚®ç®±å·²è¢«æ³¨å†Œ2731554511@qq.comè¯¥é‚®ç®±å·²è¢«æ³¨å†Œ

[35m(/usr/local/gopath/src/backend/graduate_registraor/model/user_info.go:46)[0m 
[33m[2020-03-31 15:14:47][0m  [36;1m[16.92ms][0m  SELECT * FROM `user_info`  WHERE (email='2731554511@qq.com') ORDER BY `user_info`.`id` DESC LIMIT 1  
[36;31m[1 rows affected or returned ][0m 
é‚®ç®±å·²è¢«æ³¨å†Œ2731554511@qq.comè¯¥é‚®ç®±å·²è¢«æ³¨å†Œ

[35m(/usr/local/gopath/src/backend/graduate_registraor/model/user_info.go:46)[0m 
[33m[2020-03-31 15:14:47][0m  [36;1m[18.44ms][0m  SELECT * FROM `user_info`  WHERE (email='2731554511@qq.com') ORDER BY `user_info`.`id` DESC LIMIT 1  
[36;31m[1 rows affected or returned ][0m 
é‚®ç®±å·²è¢«æ³¨å†Œ2731554511@qq.comè¯¥é‚®ç®±å·²è¢«æ³¨å†Œ

[35m(/usr/local/gopath/src/backend/graduate_registraor/model/user_info.go:46)[0m 
[33m[2020-03-31 15:14:47][0m  [36;1m[15.89ms][0m  SELECT * FROM `user_info`  WHERE (email='2731554511@qq.com') ORDER BY `user_info`.`id` DESC LIMIT 1  
[36;31m[1 rows affected or returned ][0m 
é‚®ç®±å·²è¢«æ³¨å†Œ2731554511@qq.comè¯¥é‚®ç®±å·²è¢«æ³¨å†Œ

[35m(/usr/local/gopath/src/backend/graduate_registraor/model/user_info.go:46)[0m 
[33m[2020-03-31 15:14:57][0m  [36;1m[18.47ms][0m  SELECT * FROM `user_info`  WHERE (email='2731554511@qq.com') ORDER BY `user_info`.`id` DESC LIMIT 1  
[36;31m[1 rows affected or returned ][0m 
é‚®ç®±å·²è¢«æ³¨å†Œ2731554511@qq.comè¯¥é‚®ç®±å·²è¢«æ³¨å†Œ

[35m(/usr/local/gopath/src/backend/graduate_registraor/model/user_info.go:46)[0m 
[33m[2020-03-31 15:14:57][0m  [36;1m[12.44ms][0m  SELECT * FROM `user_info`  WHERE (email='2731554511@qq.com') ORDER BY `user_info`.`id` DESC LIMIT 1  
[36;31m[1 rows affected or returned ][0m 
é‚®ç®±å·²è¢«æ³¨å†Œ2731554511@qq.comè¯¥é‚®ç®±å·²è¢«æ³¨å†Œ

[35m(/usr/local/gopath/src/backend/graduate_registraor/model/user_info.go:46)[0m 
[33m[2020-03-31 15:14:57][0m  [36;1m[17.95ms][0m  SELECT * FROM `user_info`  WHERE (email='2731554511@qq.com') ORDER BY `user_info`.`id` DESC LIMIT 1  
[36;31m[1 rows affected or returned ][0m 
é‚®ç®±å·²è¢«æ³¨å†Œ2731554511@qq.comè¯¥é‚®ç®±å·²è¢«æ³¨å†Œ

[35m(/usr/local/gopath/src/backend/graduate_registraor/model/user_info.go:46)[0m 
[33m[2020-03-31 15:14:58][0m  [36;1m[18.48ms][0m  SELECT * FROM `user_info`  WHERE (email='2731554511@qq.com') ORDER BY `user_info`.`id` DESC LIMIT 1  
[36;31m[1 rows affected or returned ][0m 
é‚®ç®±å·²è¢«æ³¨å†Œ2731554511@qq.comè¯¥é‚®ç®±å·²è¢«æ³¨å†Œ

[35m(/usr/local/gopath/src/backend/graduate_registraor/model/user_info.go:46)[0m 
[33m[2020-03-31 15:14:58][0m  [36;1m[16.43ms][0m  SELECT * FROM `user_info`  WHERE (email='2731554511@qq.com') ORDER BY `user_info`.`id` DESC LIMIT 1  
[36;31m[1 rows affected or returned ][0m 
é‚®ç®±å·²è¢«æ³¨å†Œ2731554511@qq.comè¯¥é‚®ç®±å·²è¢«æ³¨å†Œ

[35m(/usr/local/gopath/src/backend/graduate_registraor/model/user_info.go:46)[0m 
[33m[2020-03-31 15:14:58][0m  [36;1m[18.08ms][0m  SELECT * FROM `user_info`  WHERE (email='2731554511@qq.com') ORDER BY `user_info`.`id` DESC LIMIT 1  
[36;31m[1 rows affected or returned ][0m 
é‚®ç®±å·²è¢«æ³¨å†Œ2731554511@qq.comè¯¥é‚®ç®±å·²è¢«æ³¨å†Œ

[35m(/usr/local/gopath/src/backend/graduate_registraor/model/user_info.go:46)[0m 
[33m[2020-03-31 15:14:58][0m  [36;1m[14.68ms][0m  SELECT * FROM `user_info`  WHERE (email='2731554511@qq.com') ORDER BY `user_info`.`id` DESC LIMIT 1  
[36;31m[1 rows affected or returned ][0m 
é‚®ç®±å·²è¢«æ³¨å†Œ2731554511@qq.comè¯¥é‚®ç®±å·²è¢«æ³¨å†Œ

[35m(/usr/local/gopath/src/backend/graduate_registraor/model/user_info.go:46)[0m 
[33m[2020-03-31 15:15:01][0m  [36;1m[17.81ms][0m  SELECT * FROM `user_info`  WHERE (email='2731554511@qq.com') ORDER BY `user_info`.`id` DESC LIMIT 1  
[36;31m[1 rows affected or returned ][0m 
é‚®ç®±å·²è¢«æ³¨å†Œ2731554511@qq.comè¯¥é‚®ç®±å·²è¢«æ³¨å†Œ

[35m(/usr/local/gopath/src/backend/graduate_registraor/model/user_info.go:46)[0m 
[33m[2020-03-31 15:15:01][0m  [36;1m[10.43ms][0m  SELECT * FROM `user_info`  WHERE (email='2731554511@qq.com') ORDER BY `user_info`.`id` DESC LIMIT 1  
[36;31m[1 rows affected or returned ][0m 
é‚®ç®±å·²è¢«æ³¨å†Œ2731554511@qq.comè¯¥é‚®ç®±å·²è¢«æ³¨å†Œ

[35m(/usr/local/gopath/src/backend/graduate_registraor/model/user_info.go:46)[0m 
[33m[2020-03-31 15:15:12][0m  [36;1m[24.06ms][0m  SELECT * FROM `user_info`  WHERE (email='2731554511@qq.com') ORDER BY `user_info`.`id` DESC LIMIT 1  
[36;31m[1 rows affected or returned ][0m 
é‚®ç®±å·²è¢«æ³¨å†Œ2731554511@qq.comè¯¥é‚®ç®±å·²è¢«æ³¨å†Œ

[35m(/usr/local/gopath/src/backend/graduate_registraor/model/user_info.go:46)[0m 
[33m[2020-03-31 15:15:12][0m  [36;1m[18.41ms][0m  SELECT * FROM `user_info`  WHERE (email='2731554511@qq.com') ORDER BY `user_info`.`id` DESC LIMIT 1  
[36;31m[1 rows affected or returned ][0m 
é‚®ç®±å·²è¢«æ³¨å†Œ2731554511@qq.comè¯¥é‚®ç®±å·²è¢«æ³¨å†Œ

[35m(/usr/local/gopath/src/backend/graduate_registraor/model/user_info.go:46)[0m 
[33m[2020-03-31 15:15:12][0m  [36;1m[17.20ms][0m  SELECT * FROM `user_info`  WHERE (email='2731554511@qq.com') ORDER BY `user_info`.`id` DESC LIMIT 1  
[36;31m[1 rows affected or returned ][0m 
é‚®ç®±å·²è¢«æ³¨å†Œ2731554511@qq.comè¯¥é‚®ç®±å·²è¢«æ³¨å†Œ

[35m(/usr/local/gopath/src/backend/graduate_registraor/model/user_info.go:46)[0m 
[33m[2020-03-31 15:15:12][0m  [36;1m[20.01ms][0m  SELECT * FROM `user_info`  WHERE (email='2731554511@qq.com') ORDER BY `user_info`.`id` DESC LIMIT 1  
[36;31m[1 rows affected or returned ][0m 
é‚®ç®±å·²è¢«æ³¨å†Œ2731554511@qq.comè¯¥é‚®ç®±å·²è¢«æ³¨å†Œ

[35m(/usr/local/gopath/src/backend/graduate_registraor/model/user_info.go:46)[0m 
[33m[2020-03-31 15:15:13][0m  [36;1m[19.98ms][0m  SELECT * FROM `user_info`  WHERE (email='2731554511@qq.com') ORDER BY `user_info`.`id` DESC LIMIT 1  
[36;31m[1 rows affected or returned ][0m 
é‚®ç®±å·²è¢«æ³¨å†Œ2731554511@qq.comè¯¥é‚®ç®±å·²è¢«æ³¨å†Œ

[35m(/usr/local/gopath/src/backend/graduate_registraor/model/user_info.go:46)[0m 
[33m[2020-03-31 15:15:13][0m  [36;1m[10.78ms][0m  SELECT * FROM `user_info`  WHERE (email='2731554511@qq.com') ORDER BY `user_info`.`id` DESC LIMIT 1  
[36;31m[1 rows affected or returned ][0m 
é‚®ç®±å·²è¢«æ³¨å†Œ2731554511@qq.comè¯¥é‚®ç®±å·²è¢«æ³¨å†Œ

[35m(/usr/local/gopath/src/backend/graduate_registraor/model/user_info.go:46)[0m 
[33m[2020-03-31 15:15:13][0m  [36;1m[21.63ms][0m  SELECT * FROM `user_info`  WHERE (email='2731554511@qq.com') ORDER BY `user_info`.`id` DESC LIMIT 1  
[36;31m[1 rows affected or returned ][0m 
é‚®ç®±å·²è¢«æ³¨å†Œ2731554511@qq.comè¯¥é‚®ç®±å·²è¢«æ³¨å†Œ

[35m(/usr/local/gopath/src/backend/graduate_registraor/model/user_info.go:46)[0m 
[33m[2020-03-31 15:15:13][0m  [36;1m[17.91ms][0m  SELECT * FROM `user_info`  WHERE (email='2731554511@qq.com') ORDER BY `user_info`.`id` DESC LIMIT 1  
[36;31m[1 rows affected or returned ][0m 
é‚®ç®±å·²è¢«æ³¨å†Œ2731554511@qq.comè¯¥é‚®ç®±å·²è¢«æ³¨å†Œ

[35m(/usr/local/gopath/src/backend/graduate_registraor/model/user_info.go:46)[0m 
[33m[2020-03-31 15:15:14][0m  [36;1m[15.06ms][0m  SELECT * FROM `user_info`  WHERE (email='2731554511@qq.com') ORDER BY `user_info`.`id` DESC LIMIT 1  
[36;31m[1 rows affected or returned ][0m 
é‚®ç®±å·²è¢«æ³¨å†Œ2731554511@qq.comè¯¥é‚®ç®±å·²è¢«æ³¨å†Œ

[35m(/usr/local/gopath/src/backend/graduate_registraor/model/user_info.go:46)[0m 
[33m[2020-03-31 15:15:14][0m  [36;1m[10.26ms][0m  SELECT * FROM `user_info`  WHERE (email='2731554511@qq.com') ORDER BY `user_info`.`id` DESC LIMIT 1  
[36;31m[1 rows affected or returned ][0m 
é‚®ç®±å·²è¢«æ³¨å†Œ2731554511@qq.comè¯¥é‚®ç®±å·²è¢«æ³¨å†Œ

[35m(/usr/local/gopath/src/backend/graduate_registraor/model/user_info.go:46)[0m 
[33m[2020-03-31 15:15:14][0m  [36;1m[19.96ms][0m  SELECT * FROM `user_info`  WHERE (email='2731554511@qq.com') ORDER BY `user_info`.`id` DESC LIMIT 1  
[36;31m[1 rows affected or returned ][0m 
é‚®ç®±å·²è¢«æ³¨å†Œ2731554511@qq.comè¯¥é‚®ç®±å·²è¢«æ³¨å†Œ

[35m(/usr/local/gopath/src/backend/graduate_registraor/model/user_info.go:46)[0m 
[33m[2020-03-31 15:15:15][0m  [36;1m[18.04ms][0m  SELECT * FROM `user_info`  WHERE (email='2731554511@qq.com') ORDER BY `user_info`.`id` DESC LIMIT 1  
[36;31m[1 rows affected or returned ][0m 
é‚®ç®±å·²è¢«æ³¨å†Œ2731554511@qq.comè¯¥é‚®ç®±å·²è¢«æ³¨å†Œ

[35m(/usr/local/gopath/src/backend/graduate_registraor/model/user_info.go:46)[0m 
[33m[2020-03-31 15:15:15][0m  [36;1m[17.93ms][0m  SELECT * FROM `user_info`  WHERE (email='2731554511@qq.com') ORDER BY `user_info`.`id` DESC LIMIT 1  
[36;31m[1 rows affected or returned ][0m 
é‚®ç®±å·²è¢«æ³¨å†Œ2731554511@qq.comè¯¥é‚®ç®±å·²è¢«æ³¨å†Œ

[35m(/usr/local/gopath/src/backend/graduate_registraor/model/user_info.go:46)[0m 
[33m[2020-03-31 15:15:15][0m  [36;1m[16.95ms][0m  SELECT * FROM `user_info`  WHERE (email='2731554511@qq.com') ORDER BY `user_info`.`id` DESC LIMIT 1  
[36;31m[1 rows affected or returned ][0m 
é‚®ç®±å·²è¢«æ³¨å†Œ2731554511@qq.comè¯¥é‚®ç®±å·²è¢«æ³¨å†Œ

[35m(/usr/local/gopath/src/backend/graduate_registraor/model/user_info.go:46)[0m 
[33m[2020-03-31 15:15:16][0m  [36;1m[22.60ms][0m  SELECT * FROM `user_info`  WHERE (email='2731554511@qq.com') ORDER BY `user_info`.`id` DESC LIMIT 1  
[36;31m[1 rows affected or returned ][0m 
é‚®ç®±å·²è¢«æ³¨å†Œ2731554511@qq.comè¯¥é‚®ç®±å·²è¢«æ³¨å†Œ

[35m(/usr/local/gopath/src/backend/graduate_registraor/model/user_info.go:46)[0m 
[33m[2020-03-31 15:15:16][0m  [36;1m[14.97ms][0m  SELECT * FROM `user_info`  WHERE (email='2731554511@qq.com') ORDER BY `user_info`.`id` DESC LIMIT 1  
[36;31m[1 rows affected or returned ][0m 
é‚®ç®±å·²è¢«æ³¨å†Œ2731554511@qq.comè¯¥é‚®ç®±å·²è¢«æ³¨å†Œ

[35m(/usr/local/gopath/src/backend/graduate_registraor/model/user_info.go:46)[0m 
[33m[2020-03-31 15:15:16][0m  [36;1m[16.47ms][0m  SELECT * FROM `user_info`  WHERE (email='2731554511@qq.com') ORDER BY `user_info`.`id` DESC LIMIT 1  
[36;31m[1 rows affected or returned ][0m 
é‚®ç®±å·²è¢«æ³¨å†Œ2731554511@qq.comè¯¥é‚®ç®±å·²è¢«æ³¨å†Œ

[35m(/usr/local/gopath/src/backend/graduate_registraor/model/user_info.go:46)[0m 
[33m[2020-03-31 15:15:16][0m  [36;1m[8.47ms][0m  SELECT * FROM `user_info`  WHERE (email='2731554511@qq.com') ORDER BY `user_info`.`id` DESC LIMIT 1  
[36;31m[1 rows affected or returned ][0m 
é‚®ç®±å·²è¢«æ³¨å†Œ2731554511@qq.comè¯¥é‚®ç®±å·²è¢«æ³¨å†Œ

[35m(/usr/local/gopath/src/backend/graduate_registraor/model/user_info.go:46)[0m 
[33m[2020-03-31 15:15:17][0m  [36;1m[11.84ms][0m  SELECT * FROM `user_info`  WHERE (email='2731554511@qq.com') ORDER BY `user_info`.`id` DESC LIMIT 1  
[36;31m[1 rows affected or returned ][0m 
é‚®ç®±å·²è¢«æ³¨å†Œ2731554511@qq.comè¯¥é‚®ç®±å·²è¢«æ³¨å†Œ

[35m(/usr/local/gopath/src/backend/graduate_registraor/model/user_info.go:46)[0m 
[33m[2020-03-31 15:15:17][0m  [36;1m[12.40ms][0m  SELECT * FROM `user_info`  WHERE (email='2731554511@qq.com') ORDER BY `user_info`.`id` DESC LIMIT 1  
[36;31m[1 rows affected or returned ][0m 
é‚®ç®±å·²è¢«æ³¨å†Œ2731554511@qq.comè¯¥é‚®ç®±å·²è¢«æ³¨å†Œ

[35m(/usr/local/gopath/src/backend/graduate_registraor/model/user_info.go:46)[0m 
[33m[2020-03-31 15:15:17][0m  [36;1m[14.36ms][0m  SELECT * FROM `user_info`  WHERE (email='2731554511@qq.com') ORDER BY `user_info`.`id` DESC LIMIT 1  
[36;31m[1 rows affected or returned ][0m 
é‚®ç®±å·²è¢«æ³¨å†Œ2731554511@qq.comè¯¥é‚®ç®±å·²è¢«æ³¨å†Œ

[35m(/usr/local/gopath/src/backend/graduate_registraor/model/user_info.go:46)[0m 
[33m[2020-03-31 15:15:18][0m  [36;1m[10.51ms][0m  SELECT * FROM `user_info`  WHERE (email='2731554511@qq.com') ORDER BY `user_info`.`id` DESC LIMIT 1  
[36;31m[1 rows affected or returned ][0m 
é‚®ç®±å·²è¢«æ³¨å†Œ2731554511@qq.comè¯¥é‚®ç®±å·²è¢«æ³¨å†Œ

[35m(/usr/local/gopath/src/backend/graduate_registraor/model/user_info.go:46)[0m 
[33m[2020-03-31 15:15:18][0m  [36;1m[27.97ms][0m  SELECT * FROM `user_info`  WHERE (email='2731554511@qq.com') ORDER BY `user_info`.`id` DESC LIMIT 1  
[36;31m[1 rows affected or returned ][0m 
é‚®ç®±å·²è¢«æ³¨å†Œ2731554511@qq.comè¯¥é‚®ç®±å·²è¢«æ³¨å†Œ

[35m(/usr/local/gopath/src/backend/graduate_registraor/model/user_info.go:46)[0m 
[33m[2020-03-31 15:15:33][0m  [36;1m[14.14ms][0m  SELECT * FROM `user_info`  WHERE (email='2731554511@qq.com') ORDER BY `user_info`.`id` DESC LIMIT 1  
[36;31m[1 rows affected or returned ][0m 
é‚®ç®±å·²è¢«æ³¨å†Œ2731554511@qq.comè¯¥é‚®ç®±å·²è¢«æ³¨å†Œ

[35m(/usr/local/gopath/src/backend/graduate_registraor/model/user_info.go:46)[0m 
[33m[2020-03-31 15:15:33][0m  [36;1m[11.14ms][0m  SELECT * FROM `user_info`  WHERE (email='2731554511@qq.com') ORDER BY `user_info`.`id` DESC LIMIT 1  
[36;31m[1 rows affected or returned ][0m 
é‚®ç®±å·²è¢«æ³¨å†Œ2731554511@qq.comè¯¥é‚®ç®±å·²è¢«æ³¨å†Œ

[35m(/usr/local/gopath/src/backend/graduate_registraor/model/user_info.go:46)[0m 
[33m[2020-03-31 15:19:08][0m  [36;1m[20.21ms][0m  SELECT * FROM `user_info`  WHERE (email='2731554511@qq.com') ORDER BY `user_info`.`id` DESC LIMIT 1  
[36;31m[1 rows affected or returned ][0m 
é‚®ç®±å·²è¢«æ³¨å†Œ2731554511@qq.comè¯¥é‚®ç®±å·²è¢«æ³¨å†Œ
&{Email:1964252235@qq.com Phone: Password: NickName: Age:0 ValidateCode:}UserRegistrator failed to invalid params[GIN-debug] [WARNING] Headers were already written. Wanted to override status code 400 with 200

[35m(/usr/local/gopath/src/backend/graduate_registraor/model/user_info.go:46)[0m 
[33m[2020-03-31 15:19:09][0m  [36;1m[8.75ms][0m  SELECT * FROM `user_info`  WHERE (email='2731554511@qq.com') ORDER BY `user_info`.`id` DESC LIMIT 1  
[36;31m[1 rows affected or returned ][0m 
é‚®ç®±å·²è¢«æ³¨å†Œ2731554511@qq.comè¯¥é‚®ç®±å·²è¢«æ³¨å†Œ

[35m(/usr/local/gopath/src/backend/graduate_registraor/model/user_info.go:46)[0m 
[33m[2020-03-31 15:19:10][0m  [36;1m[11.90ms][0m  SELECT * FROM `user_info`  WHERE (email='2731554511@qq.com') ORDER BY `user_info`.`id` DESC LIMIT 1  
[36;31m[1 rows affected or returned ][0m 
é‚®ç®±å·²è¢«æ³¨å†Œ2731554511@qq.comè¯¥é‚®ç®±å·²è¢«æ³¨å†Œ
&{Email:1964252235@qq.com Phone: Password: NickName: Age:0 ValidateCode:}UserRegistrator failed to invalid params[GIN-debug] [WARNING] Headers were already written. Wanted to override status code 400 with 200
LoginController req=&{1964252235@qq.com} LoginController req=&{1964252235@qq.com} 
[35m(/usr/local/gopath/src/backend/graduate_registraor/model/user_info.go:46)[0m 
[33m[2020-03-31 19:48:35][0m  [36;1m[229.18ms][0m  SELECT * FROM `user_info`  WHERE (email='1964252235@qq.com') ORDER BY `user_info`.`id` DESC LIMIT 1  
[36;31m[1 rows affected or returned ][0m 
é‚®ç®±å·²è¢«æ³¨å†Œ1964252235@qq.comè¯¥é‚®ç®±å·²è¢«æ³¨å†Œ

[35m(/usr/local/gopath/src/backend/graduate_registraor/model/user_info.go:46)[0m 
[33m[2020-03-31 19:48:47][0m  [36;1m[223.73ms][0m  SELECT * FROM `user_info`  WHERE (email='1964252235@qq.com') ORDER BY `user_info`.`id` DESC LIMIT 1  
[36;31m[1 rows affected or returned ][0m 
é‚®ç®±å·²è¢«æ³¨å†Œ1964252235@qq.comè¯¥é‚®ç®±å·²è¢«æ³¨å†Œ

[35m(/usr/local/gopath/src/backend/graduate_registraor/model/user_info.go:46)[0m 
[33m[2020-03-31 19:48:51][0m  [36;1m[16.08ms][0m  SELECT * FROM `user_info`  WHERE (email='1964252235@qq.com') ORDER BY `user_info`.`id` DESC LIMIT 1  
[36;31m[1 rows affected or returned ][0m 
é‚®ç®±å·²è¢«æ³¨å†Œ1964252235@qq.comè¯¥é‚®ç®±å·²è¢«æ³¨å†Œ
LoginController req=&{1964252235@qq.com} 
[35m(/usr/local/gopath/src/backend/graduate_registraor/model/user_info.go:46)[0m 
[33m[2020-03-31 19:52:26][0m  [36;1m[1032.99ms][0m  SELECT * FROM `user_info`  WHERE (email='1964252235@qq.com') ORDER BY `user_info`.`id` DESC LIMIT 1  
[36;31m[1 rows affected or returned ][0m 
é‚®ç®±å·²è¢«æ³¨å†Œ1964252235@qq.comè¯¥é‚®ç®±å·²è¢«æ³¨å†Œ

[35m(/usr/local/gopath/src/backend/graduate_registraor/model/user_info.go:46)[0m 
[33m[2020-03-31 19:52:28][0m  [36;1m[265.52ms][0m  SELECT * FROM `user_info`  WHERE (email='1964252235@qq.com') ORDER BY `user_info`.`id` DESC LIMIT 1  
[36;31m[1 rows affected or returned ][0m 
é‚®ç®±å·²è¢«æ³¨å†Œ1964252235@qq.comè¯¥é‚®ç®±å·²è¢«æ³¨å†Œ

[35m(/usr/local/gopath/src/backend/graduate_registraor/model/user_info.go:46)[0m 
[33m[2020-03-31 19:52:33][0m  [36;1m[10.36ms][0m  SELECT * FROM `user_info`  WHERE (email='1964252235@qq.com') ORDER BY `user_info`.`id` DESC LIMIT 1  
[36;31m[1 rows affected or returned ][0m 
é‚®ç®±å·²è¢«æ³¨å†Œ1964252235@qq.comè¯¥é‚®ç®±å·²è¢«æ³¨å†Œ

[35m(/usr/local/gopath/src/backend/graduate_registraor/model/user_info.go:46)[0m 
[33m[2020-03-31 19:52:58][0m  [36;1m[2164.30ms][0m  SELECT * FROM `user_info`  WHERE (email='1964252235@qq.com') ORDER BY `user_info`.`id` DESC LIMIT 1  
[36;31m[1 rows affected or returned ][0m 
é‚®ç®±å·²è¢«æ³¨å†Œ1964252235@qq.comè¯¥é‚®ç®±å·²è¢«æ³¨å†Œ

[35m(/usr/local/gopath/src/backend/graduate_registraor/model/user_info.go:46)[0m 
[33m[2020-03-31 19:53:00][0m  [36;1m[14.32ms][0m  SELECT * FROM `user_info`  WHERE (email='1964252235@qq.com') ORDER BY `user_info`.`id` DESC LIMIT 1  
[36;31m[1 rows affected or returned ][0m 
é‚®ç®±å·²è¢«æ³¨å†Œ1964252235@qq.comè¯¥é‚®ç®±å·²è¢«æ³¨å†Œ

[35m(/usr/local/gopath/src/backend/graduate_registraor/model/user_info.go:46)[0m 
[33m[2020-03-31 19:54:01][0m  [36;1m[598.58ms][0m  SELECT * FROM `user_info`  WHERE (email='1964252235@qq.com') ORDER BY `user_info`.`id` DESC LIMIT 1  
[36;31m[1 rows affected or returned ][0m 
é‚®ç®±å·²è¢«æ³¨å†Œ1964252235@qq.comè¯¥é‚®ç®±å·²è¢«æ³¨å†Œ

[35m(/usr/local/gopath/src/backend/graduate_registraor/model/user_info.go:46)[0m 
[33m[2020-03-31 19:54:04][0m  [36;1m[262.72ms][0m  SELECT * FROM `user_info`  WHERE (email='1964252235@qq.com') ORDER BY `user_info`.`id` DESC LIMIT 1  
[36;31m[1 rows affected or returned ][0m 
é‚®ç®±å·²è¢«æ³¨å†Œ1964252235@qq.comè¯¥é‚®ç®±å·²è¢«æ³¨å†Œ
LoginController req=&{hulanqing0820@qq.com} {"level":"warn","ts":"2020-03-31T23:02:26.977+0800","caller":"clientv3/retry_interceptor.go:62","msg":"retrying of unary invoker failed","target":"endpoint://client-d6f12f6e-d991-408d-8c74-30f33d60defc/148.70.248.33:2379","attempt":0,"error":"rpc error: code = DeadlineExceeded desc = latest connection error: connection error: desc = \"transport: Error while dialing dial tcp 148.70.248.33:2379: connect: connection refused\""}
panic: runtime error: invalid memory address or nil pointer dereference
[signal SIGSEGV: segmentation violation code=0x1 addr=0x10 pc=0xbe0719]

goroutine 1 [running]:
graduate_registrator/utils/etcd.InitEtcd()
	/usr/local/gopath/src/backend/graduate_registraor/utils/etcd/etcd.go:23 +0x2d9
main.main()
	/usr/local/gopath/src/backend/graduate_registraor/main.go:14 +0x34
exit status 2
{"level":"warn","ts":"2020-04-06T13:49:38.632+0800","caller":"clientv3/retry_interceptor.go:62","msg":"retrying of unary invoker failed","target":"endpoint://client-3107de93-8514-45e9-8556-16a1589d1661/148.70.248.33:2379","attempt":0,"error":"rpc error: code = DeadlineExceeded desc = latest connection error: connection error: desc = \"transport: Error while dialing dial tcp 148.70.248.33:2379: connect: connection refused\""}
panic: runtime error: invalid memory address or nil pointer dereference
[signal SIGSEGV: segmentation violation code=0x1 addr=0x10 pc=0xbe0719]

goroutine 1 [running]:
graduate_registrator/utils/etcd.InitEtcd()
	/usr/local/gopath/src/backend/graduate_registraor/utils/etcd/etcd.go:23 +0x2d9
main.main()
	/usr/local/gopath/src/backend/graduate_registraor/main.go:14 +0x34
exit status 2
[GIN-debug] [WARNING] Running in "debug" mode. Switch to "release" mode in production.
 - using env:	export GIN_MODE=release
 - using code:	gin.SetMode(gin.ReleaseMode)

[GIN-debug] POST   /v2/registrator           --> graduate_registrator/views.UserRegistrator (1 handlers)
[GIN-debug] POST   /v2/get_password_by_email --> graduate_registrator/views.GetPasswordByEmail (1 handlers)
[GIN-debug] POST   /v2/get_validate_code     --> graduate_registrator/views.GetValidateCode (1 handlers)
[GIN-debug] Listening and serving HTTP on 0.0.0.0:9370
LoginController req=&{1964252235@qq.com} 1964252235@qq.com_483517
483517

[35m(/usr/local/gopath/src/backend/graduate_registraor/model/user_info.go:46)[0m 
[33m[2020-04-06 15:49:11][0m  [36;1m[37.74ms][0m  SELECT * FROM `user_info`  WHERE (email='1964252235@qq.com') ORDER BY `user_info`.`id` DESC LIMIT 1  
[36;31m[1 rows affected or returned ][0m 

[35m(/usr/local/gopath/src/backend/graduate_registraor/model/user_info.go:64)[0m 
[33m[2020-04-06 15:49:11][0m  [36;1m[19.05ms][0m  UPDATE `user_info` SET `age` = 18, `email` = '1964252235@qq.com', `id` = 15, `nickname` = '3333333', `password` = '123456789', `phone` = '13540184631'  WHERE (email='1964252235@qq.com' )  
[36;31m[1 rows affected or returned ][0m 
LoginController req=&{Mail:1964252235@qq.com ValidateCode:483517 Password:123456789} LoginController req=&{2731554511@qq.com} 2731554511@qq.com_623266
623266

[35m(/usr/local/gopath/src/backend/graduate_registraor/model/user_info.go:46)[0m 
[33m[2020-04-06 17:28:26][0m  [36;1m[213.50ms][0m  SELECT * FROM `user_info`  WHERE (email='2731554511@qq.com') ORDER BY `user_info`.`id` DESC LIMIT 1  
[36;31m[1 rows affected or returned ][0m 

[35m(/usr/local/gopath/src/backend/graduate_registraor/model/user_info.go:64)[0m 
[33m[2020-04-06 17:28:26][0m  [36;1m[15.50ms][0m  UPDATE `user_info` SET `age` = 22, `email` = '2731554511@qq.com', `id` = 17, `nickname` = 'xumy', `password` = '12345678!', `phone` = '15692866650'  WHERE (email='2731554511@qq.com' )  
[36;31m[1 rows affected or returned ][0m 
LoginController req=&{Mail:2731554511@qq.com ValidateCode:623266 Password:12345678!} 2731554511@qq.com_623266
623266

[35m(/usr/local/gopath/src/backend/graduate_registraor/model/user_info.go:46)[0m 
[33m[2020-04-06 17:28:29][0m  [36;1m[13.93ms][0m  SELECT * FROM `user_info`  WHERE (email='2731554511@qq.com') ORDER BY `user_info`.`id` DESC LIMIT 1  
[36;31m[1 rows affected or returned ][0m 

[35m(/usr/local/gopath/src/backend/graduate_registraor/model/user_info.go:64)[0m 
[33m[2020-04-06 17:28:29][0m  [36;1m[20.00ms][0m  UPDATE `user_info` SET `age` = 22, `email` = '2731554511@qq.com', `id` = 17, `nickname` = 'xumy', `password` = '12345678!', `phone` = '15692866650'  WHERE (email='2731554511@qq.com' )  
[36;31m[0 rows affected or returned ][0m 
LoginController req=&{Mail:2731554511@qq.com ValidateCode:623266 Password:12345678!} [GIN-debug] [WARNING] Running in "debug" mode. Switch to "release" mode in production.
 - using env:	export GIN_MODE=release
 - using code:	gin.SetMode(gin.ReleaseMode)

[GIN-debug] POST   /v2/registrator           --> graduate_registrator/views.UserRegistrator (1 handlers)
[GIN-debug] POST   /v2/get_password_by_email --> graduate_registrator/views.GetPasswordByEmail (1 handlers)
[GIN-debug] POST   /v2/get_validate_code     --> graduate_registrator/views.GetValidateCode (1 handlers)
[GIN-debug] Listening and serving HTTP on 0.0.0.0:9370
LoginController req=&{1964252235@qq.com} LoginController req=&{2731554511@qq.com} 
[35m(/usr/local/gopath/src/backend/graduate_registraor/model/user_info.go:46)[0m 
[33m[2020-04-10 11:36:46][0m  [36;1m[20.58ms][0m  SELECT * FROM `user_info`  WHERE (email='2731554511@qq.com') ORDER BY `user_info`.`id` DESC LIMIT 1  
[36;31m[0 rows affected or returned ][0m 

[35m(/usr/local/gopath/src/backend/graduate_registraor/model/user_info.go:51)[0m 
[33m[2020-04-10 11:36:46][0m  [36;1m[14.15ms][0m  SELECT * FROM `user_info`  WHERE (nickname='å“ˆå“ˆå“ˆ') ORDER BY `user_info`.`id` DESC LIMIT 1  
[36;31m[0 rows affected or returned ][0m 
<nil>

[35m(/usr/local/gopath/src/backend/graduate_registraor/model/user_info.go:41)[0m 
[33m[2020-04-10 11:36:46][0m [31;1m Error 1406: Data too long for column 'password' at row 1 [0m

[35m(/usr/local/gopath/src/backend/graduate_registraor/model/user_info.go:41)[0m 
[33m[2020-04-10 11:36:46][0m  [36;1m[21.83ms][0m  INSERT INTO `user_info` (`email`,`phone`,`password`,`nickname`,`age`,`state`) VALUES ('2731554511@qq.com','','12345678123456781234567812345678','å“ˆå“ˆå“ˆ',1000,0)  
[36;31m[0 rows affected or returned ][0m 
Error 1406: Data too long for column 'password' at row 1
Error 1406: Data too long for column 'password' at row 1

[35m(/usr/local/gopath/src/backend/graduate_registraor/model/user_info.go:46)[0m 
[33m[2020-04-10 11:36:48][0m  [36;1m[22.92ms][0m  SELECT * FROM `user_info`  WHERE (email='2731554511@qq.com') ORDER BY `user_info`.`id` DESC LIMIT 1  
[36;31m[0 rows affected or returned ][0m 

[35m(/usr/local/gopath/src/backend/graduate_registraor/model/user_info.go:51)[0m 
[33m[2020-04-10 11:36:48][0m  [36;1m[16.14ms][0m  SELECT * FROM `user_info`  WHERE (nickname='å“ˆå“ˆå“ˆ') ORDER BY `user_info`.`id` DESC LIMIT 1  
[36;31m[0 rows affected or returned ][0m 
<nil>

[35m(/usr/local/gopath/src/backend/graduate_registraor/model/user_info.go:41)[0m 
[33m[2020-04-10 11:36:48][0m [31;1m Error 1406: Data too long for column 'password' at row 1 [0m

[35m(/usr/local/gopath/src/backend/graduate_registraor/model/user_info.go:41)[0m 
[33m[2020-04-10 11:36:48][0m  [36;1m[23.56ms][0m  INSERT INTO `user_info` (`email`,`phone`,`password`,`nickname`,`age`,`state`) VALUES ('2731554511@qq.com','','12345678123456781234567812345678','å“ˆå“ˆå“ˆ',1000,0)  
[36;31m[0 rows affected or returned ][0m 
Error 1406: Data too long for column 'password' at row 1
Error 1406: Data too long for column 'password' at row 1

[35m(/usr/local/gopath/src/backend/graduate_registraor/model/user_info.go:46)[0m 
[33m[2020-04-10 11:36:50][0m  [36;1m[22.58ms][0m  SELECT * FROM `user_info`  WHERE (email='2731554511@qq.com') ORDER BY `user_info`.`id` DESC LIMIT 1  
[36;31m[0 rows affected or returned ][0m 

[35m(/usr/local/gopath/src/backend/graduate_registraor/model/user_info.go:51)[0m 
[33m[2020-04-10 11:36:50][0m  [36;1m[22.89ms][0m  SELECT * FROM `user_info`  WHERE (nickname='å“ˆå“ˆå“ˆ') ORDER BY `user_info`.`id` DESC LIMIT 1  
[36;31m[0 rows affected or returned ][0m 
<nil>

[35m(/usr/local/gopath/src/backend/graduate_registraor/model/user_info.go:41)[0m 
[33m[2020-04-10 11:36:50][0m [31;1m Error 1406: Data too long for column 'password' at row 1 [0m

[35m(/usr/local/gopath/src/backend/graduate_registraor/model/user_info.go:41)[0m 
[33m[2020-04-10 11:36:50][0m  [36;1m[17.42ms][0m  INSERT INTO `user_info` (`email`,`phone`,`password`,`nickname`,`age`,`state`) VALUES ('2731554511@qq.com','','12345678123456781234567812345678','å“ˆå“ˆå“ˆ',1000,0)  
[36;31m[0 rows affected or returned ][0m 
Error 1406: Data too long for column 'password' at row 1
Error 1406: Data too long for column 'password' at row 1

[35m(/usr/local/gopath/src/backend/graduate_registraor/model/user_info.go:46)[0m 
[33m[2020-04-10 11:36:53][0m  [36;1m[22.83ms][0m  SELECT * FROM `user_info`  WHERE (email='2731554511@qq.com') ORDER BY `user_info`.`id` DESC LIMIT 1  
[36;31m[0 rows affected or returned ][0m 

[35m(/usr/local/gopath/src/backend/graduate_registraor/model/user_info.go:51)[0m 
[33m[2020-04-10 11:36:53][0m  [36;1m[11.87ms][0m  SELECT * FROM `user_info`  WHERE (nickname='å“ˆå“ˆå“ˆ') ORDER BY `user_info`.`id` DESC LIMIT 1  
[36;31m[0 rows affected or returned ][0m 
<nil>

[35m(/usr/local/gopath/src/backend/graduate_registraor/model/user_info.go:41)[0m 
[33m[2020-04-10 11:36:53][0m [31;1m Error 1406: Data too long for column 'password' at row 1 [0m

[35m(/usr/local/gopath/src/backend/graduate_registraor/model/user_info.go:41)[0m 
[33m[2020-04-10 11:36:53][0m  [36;1m[21.94ms][0m  INSERT INTO `user_info` (`email`,`phone`,`password`,`nickname`,`age`,`state`) VALUES ('2731554511@qq.com','','12345678123456781234567812345678','å“ˆå“ˆå“ˆ',1000,0)  
[36;31m[0 rows affected or returned ][0m 
Error 1406: Data too long for column 'password' at row 1
Error 1406: Data too long for column 'password' at row 1

[35m(/usr/local/gopath/src/backend/graduate_registraor/model/user_info.go:46)[0m 
[33m[2020-04-10 11:39:34][0m  [36;1m[18.39ms][0m  SELECT * FROM `user_info`  WHERE (email='2731554511@qq.com') ORDER BY `user_info`.`id` DESC LIMIT 1  
[36;31m[0 rows affected or returned ][0m 

[35m(/usr/local/gopath/src/backend/graduate_registraor/model/user_info.go:51)[0m 
[33m[2020-04-10 11:39:34][0m  [36;1m[22.44ms][0m  SELECT * FROM `user_info`  WHERE (nickname='å“ˆå“ˆå“ˆ') ORDER BY `user_info`.`id` DESC LIMIT 1  
[36;31m[0 rows affected or returned ][0m 
<nil>

[35m(/usr/local/gopath/src/backend/graduate_registraor/model/user_info.go:41)[0m 
[33m[2020-04-10 11:39:34][0m [31;1m Error 1406: Data too long for column 'password' at row 1 [0m

[35m(/usr/local/gopath/src/backend/graduate_registraor/model/user_info.go:41)[0m 
[33m[2020-04-10 11:39:34][0m  [36;1m[21.42ms][0m  INSERT INTO `user_info` (`email`,`phone`,`password`,`nickname`,`age`,`state`) VALUES ('2731554511@qq.com','','12345678123456781234567812345678','å“ˆå“ˆå“ˆ',1000,0)  
[36;31m[0 rows affected or returned ][0m 
Error 1406: Data too long for column 'password' at row 1
Error 1406: Data too long for column 'password' at row 1

[35m(/usr/local/gopath/src/backend/graduate_registraor/model/user_info.go:46)[0m 
[33m[2020-04-10 11:39:35][0m  [36;1m[21.91ms][0m  SELECT * FROM `user_info`  WHERE (email='2731554511@qq.com') ORDER BY `user_info`.`id` DESC LIMIT 1  
[36;31m[0 rows affected or returned ][0m 

[35m(/usr/local/gopath/src/backend/graduate_registraor/model/user_info.go:51)[0m 
[33m[2020-04-10 11:39:35][0m  [36;1m[17.25ms][0m  SELECT * FROM `user_info`  WHERE (nickname='å“ˆå“ˆå“ˆ') ORDER BY `user_info`.`id` DESC LIMIT 1  
[36;31m[0 rows affected or returned ][0m 
<nil>

[35m(/usr/local/gopath/src/backend/graduate_registraor/model/user_info.go:41)[0m 
[33m[2020-04-10 11:39:35][0m [31;1m Error 1406: Data too long for column 'password' at row 1 [0m

[35m(/usr/local/gopath/src/backend/graduate_registraor/model/user_info.go:41)[0m 
[33m[2020-04-10 11:39:35][0m  [36;1m[18.93ms][0m  INSERT INTO `user_info` (`email`,`phone`,`password`,`nickname`,`age`,`state`) VALUES ('2731554511@qq.com','','12345678123456781234567812345678','å“ˆå“ˆå“ˆ',1000,0)  
[36;31m[0 rows affected or returned ][0m 
Error 1406: Data too long for column 'password' at row 1
Error 1406: Data too long for column 'password' at row 1

[35m(/usr/local/gopath/src/backend/graduate_registraor/model/user_info.go:46)[0m 
[33m[2020-04-10 11:39:35][0m  [36;1m[16.65ms][0m  SELECT * FROM `user_info`  WHERE (email='2731554511@qq.com') ORDER BY `user_info`.`id` DESC LIMIT 1  
[36;31m[0 rows affected or returned ][0m 

[35m(/usr/local/gopath/src/backend/graduate_registraor/model/user_info.go:51)[0m 
[33m[2020-04-10 11:39:36][0m  [36;1m[16.41ms][0m  SELECT * FROM `user_info`  WHERE (nickname='å“ˆå“ˆå“ˆ') ORDER BY `user_info`.`id` DESC LIMIT 1  
[36;31m[0 rows affected or returned ][0m 
<nil>

[35m(/usr/local/gopath/src/backend/graduate_registraor/model/user_info.go:41)[0m 
[33m[2020-04-10 11:39:36][0m [31;1m Error 1406: Data too long for column 'password' at row 1 [0m

[35m(/usr/local/gopath/src/backend/graduate_registraor/model/user_info.go:41)[0m 
[33m[2020-04-10 11:39:36][0m  [36;1m[22.12ms][0m  INSERT INTO `user_info` (`email`,`phone`,`password`,`nickname`,`age`,`state`) VALUES ('2731554511@qq.com','','12345678123456781234567812345678','å“ˆå“ˆå“ˆ',1000,0)  
[36;31m[0 rows affected or returned ][0m 
Error 1406: Data too long for column 'password' at row 1
Error 1406: Data too long for column 'password' at row 1

[35m(/usr/local/gopath/src/backend/graduate_registraor/model/user_info.go:46)[0m 
[33m[2020-04-10 11:39:48][0m  [36;1m[17.90ms][0m  SELECT * FROM `user_info`  WHERE (email='2731554511@qq.com') ORDER BY `user_info`.`id` DESC LIMIT 1  
[36;31m[0 rows affected or returned ][0m 

[35m(/usr/local/gopath/src/backend/graduate_registraor/model/user_info.go:51)[0m 
[33m[2020-04-10 11:39:48][0m  [36;1m[23.39ms][0m  SELECT * FROM `user_info`  WHERE (nickname='å“ˆå“ˆå“ˆ') ORDER BY `user_info`.`id` DESC LIMIT 1  
[36;31m[0 rows affected or returned ][0m 
<nil>

[35m(/usr/local/gopath/src/backend/graduate_registraor/model/user_info.go:41)[0m 
[33m[2020-04-10 11:39:48][0m  [36;1m[16.86ms][0m  INSERT INTO `user_info` (`email`,`phone`,`password`,`nickname`,`age`,`state`) VALUES ('2731554511@qq.com','','12345678','å“ˆå“ˆå“ˆ',1000,0)  
[36;31m[1 rows affected or returned ][0m 
LoginController req=&{1964252235@qq.com} LoginController req=&{3490578293@qq.com} æ ¹æ®æ‚¨çš„å¹´é¾„,ä¸èƒ½æ³¨å†Œ
[mysql] 2020/04/10 20:42:46 packets.go:122: closing bad idle connection: EOF
[mysql] 2020/04/10 20:42:46 connection.go:158: driver: bad connection

[35m(/usr/local/gopath/src/backend/graduate_registraor/model/user_info.go:46)[0m 
[33m[2020-04-10 20:42:46][0m  [36;1m[44.88ms][0m  SELECT * FROM `user_info`  WHERE (email='3490578293@qq.com') ORDER BY `user_info`.`id` DESC LIMIT 1  
[36;31m[0 rows affected or returned ][0m 

[35m(/usr/local/gopath/src/backend/graduate_registraor/model/user_info.go:51)[0m 
[33m[2020-04-10 20:42:46][0m  [36;1m[27.89ms][0m  SELECT * FROM `user_info`  WHERE (nickname='dede') ORDER BY `user_info`.`id` DESC LIMIT 1  
[36;31m[0 rows affected or returned ][0m 
<nil>

[35m(/usr/local/gopath/src/backend/graduate_registraor/model/user_info.go:41)[0m 
[33m[2020-04-10 20:42:46][0m  [36;1m[25.01ms][0m  INSERT INTO `user_info` (`email`,`phone`,`password`,`nickname`,`age`,`state`) VALUES ('3490578293@qq.com','','12345678','dede',16,0)  
[36;31m[1 rows affected or returned ][0m 

[35m(/usr/local/gopath/src/backend/graduate_registraor/model/user_info.go:46)[0m 
[33m[2020-04-10 20:42:56][0m  [36;1m[17.11ms][0m  SELECT * FROM `user_info`  WHERE (email='3490578293@qq.com') ORDER BY `user_info`.`id` DESC LIMIT 1  
[36;31m[1 rows affected or returned ][0m 
é‚®ç®±å·²è¢«æ³¨å†Œ3490578293@qq.comè¯¥é‚®ç®±å·²è¢«æ³¨å†Œ

[35m(/usr/local/gopath/src/backend/graduate_registraor/model/user_info.go:46)[0m 
[33m[2020-04-10 20:43:00][0m  [36;1m[23.01ms][0m  SELECT * FROM `user_info`  WHERE (email='3490578293@qq.com') ORDER BY `user_info`.`id` DESC LIMIT 1  
[36;31m[1 rows affected or returned ][0m 
é‚®ç®±å·²è¢«æ³¨å†Œ3490578293@qq.comè¯¥é‚®ç®±å·²è¢«æ³¨å†Œ

[35m(/usr/local/gopath/src/backend/graduate_registraor/model/user_info.go:46)[0m 
[33m[2020-04-10 20:43:03][0m  [36;1m[20.54ms][0m  SELECT * FROM `user_info`  WHERE (email='3490578293@qq.com') ORDER BY `user_info`.`id` DESC LIMIT 1  
[36;31m[1 rows affected or returned ][0m 
é‚®ç®±å·²è¢«æ³¨å†Œ3490578293@qq.comè¯¥é‚®ç®±å·²è¢«æ³¨å†Œ

[35m(/usr/local/gopath/src/backend/graduate_registraor/model/user_info.go:46)[0m 
[33m[2020-04-10 20:43:06][0m  [36;1m[11.36ms][0m  SELECT * FROM `user_info`  WHERE (email='3490578293@qq.com') ORDER BY `user_info`.`id` DESC LIMIT 1  
[36;31m[1 rows affected or returned ][0m 
é‚®ç®±å·²è¢«æ³¨å†Œ3490578293@qq.comè¯¥é‚®ç®±å·²è¢«æ³¨å†Œ

[35m(/usr/local/gopath/src/backend/graduate_registraor/model/user_info.go:46)[0m 
[33m[2020-04-10 20:43:08][0m  [36;1m[22.95ms][0m  SELECT * FROM `user_info`  WHERE (email='3490578293@qq.com') ORDER BY `user_info`.`id` DESC LIMIT 1  
[36;31m[1 rows affected or returned ][0m 
é‚®ç®±å·²è¢«æ³¨å†Œ3490578293@qq.comè¯¥é‚®ç®±å·²è¢«æ³¨å†Œ

[35m(/usr/local/gopath/src/backend/graduate_registraor/model/user_info.go:46)[0m 
[33m[2020-04-10 20:43:12][0m  [36;1m[17.96ms][0m  SELECT * FROM `user_info`  WHERE (email='3490578293@qq.com') ORDER BY `user_info`.`id` DESC LIMIT 1  
[36;31m[1 rows affected or returned ][0m 
é‚®ç®±å·²è¢«æ³¨å†Œ3490578293@qq.comè¯¥é‚®ç®±å·²è¢«æ³¨å†Œ

[35m(/usr/local/gopath/src/backend/graduate_registraor/model/user_info.go:46)[0m 
[33m[2020-04-10 20:43:15][0m  [36;1m[18.28ms][0m  SELECT * FROM `user_info`  WHERE (email='3490578293@qq.com') ORDER BY `user_info`.`id` DESC LIMIT 1  
[36;31m[1 rows affected or returned ][0m 
é‚®ç®±å·²è¢«æ³¨å†Œ3490578293@qq.comè¯¥é‚®ç®±å·²è¢«æ³¨å†Œ

[35m(/usr/local/gopath/src/backend/graduate_registraor/model/user_info.go:46)[0m 
[33m[2020-04-10 20:43:17][0m  [36;1m[13.53ms][0m  SELECT * FROM `user_info`  WHERE (email='3490578293@qq.com') ORDER BY `user_info`.`id` DESC LIMIT 1  
[36;31m[1 rows affected or returned ][0m 
é‚®ç®±å·²è¢«æ³¨å†Œ3490578293@qq.comè¯¥é‚®ç®±å·²è¢«æ³¨å†Œ
LoginController req=&{1964252235@qq.com} LoginController req=&{2731554511@qq.com} [mysql] 2020/04/13 22:53:37 packets.go:122: closing bad idle connection: EOF
[mysql] 2020/04/13 22:53:37 connection.go:158: driver: bad connection

[35m(/usr/local/gopath/src/backend/graduate_registraor/model/user_info.go:46)[0m 
[33m[2020-04-13 22:53:37][0m  [36;1m[48.82ms][0m  SELECT * FROM `user_info`  WHERE (email='2731554511@qq.com') ORDER BY `user_info`.`id` DESC LIMIT 1  
[36;31m[1 rows affected or returned ][0m 
é‚®ç®±å·²è¢«æ³¨å†Œ2731554511@qq.comè¯¥é‚®ç®±å·²è¢«æ³¨å†Œ

[35m(/usr/local/gopath/src/backend/graduate_registraor/model/user_info.go:46)[0m 
[33m[2020-04-13 22:54:09][0m  [36;1m[18.47ms][0m  SELECT * FROM `user_info`  WHERE (email='2731554511@qq.com') ORDER BY `user_info`.`id` DESC LIMIT 1  
[36;31m[1 rows affected or returned ][0m 
é‚®ç®±å·²è¢«æ³¨å†Œ2731554511@qq.comè¯¥é‚®ç®±å·²è¢«æ³¨å†Œ

[35m(/usr/local/gopath/src/backend/graduate_registraor/model/user_info.go:46)[0m 
[33m[2020-04-13 23:30:21][0m  [36;1m[16.94ms][0m  SELECT * FROM `user_info`  WHERE (email='2731554511@qq.com') ORDER BY `user_info`.`id` DESC LIMIT 1  
[36;31m[0 rows affected or returned ][0m 

[35m(/usr/local/gopath/src/backend/graduate_registraor/model/user_info.go:51)[0m 
[33m[2020-04-13 23:30:21][0m  [36;1m[22.78ms][0m  SELECT * FROM `user_info`  WHERE (nickname='123') ORDER BY `user_info`.`id` DESC LIMIT 1  
[36;31m[0 rows affected or returned ][0m 
redigo: nil returned
éªŒè¯ç æˆ–å·²è¿‡æœŸ2731554511@qq.coméªŒè¯ç å·²è¿‡æœŸ

[35m(/usr/local/gopath/src/backend/graduate_registraor/model/user_info.go:46)[0m 
[33m[2020-04-13 23:31:46][0m  [36;1m[22.91ms][0m  SELECT * FROM `user_info`  WHERE (email='2731554511@qq.com') ORDER BY `user_info`.`id` DESC LIMIT 1  
[36;31m[0 rows affected or returned ][0m 

[35m(/usr/local/gopath/src/backend/graduate_registraor/model/user_info.go:51)[0m 
[33m[2020-04-13 23:31:46][0m  [36;1m[13.90ms][0m  SELECT * FROM `user_info`  WHERE (nickname='123') ORDER BY `user_info`.`id` DESC LIMIT 1  
[36;31m[0 rows affected or returned ][0m 
redigo: nil returned
éªŒè¯ç æˆ–å·²è¿‡æœŸ2731554511@qq.coméªŒè¯ç å·²è¿‡æœŸ
LoginController req=&{2731554511@qq.com} 
[35m(/usr/local/gopath/src/backend/graduate_registraor/model/user_info.go:46)[0m 
[33m[2020-04-13 23:32:04][0m  [36;1m[16.07ms][0m  SELECT * FROM `user_info`  WHERE (email='2731554511@qq.com') ORDER BY `user_info`.`id` DESC LIMIT 1  
[36;31m[0 rows affected or returned ][0m 

[35m(/usr/local/gopath/src/backend/graduate_registraor/model/user_info.go:51)[0m 
[33m[2020-04-13 23:32:04][0m  [36;1m[21.75ms][0m  SELECT * FROM `user_info`  WHERE (nickname='123') ORDER BY `user_info`.`id` DESC LIMIT 1  
[36;31m[0 rows affected or returned ][0m 
<nil>

[35m(/usr/local/gopath/src/backend/graduate_registraor/model/user_info.go:41)[0m 
[33m[2020-04-13 23:32:04][0m [31;1m Error 1406: Data too long for column 'password' at row 1 [0m

[35m(/usr/local/gopath/src/backend/graduate_registraor/model/user_info.go:41)[0m 
[33m[2020-04-13 23:32:04][0m  [36;1m[8.46ms][0m  INSERT INTO `user_info` (`email`,`phone`,`password`,`nickname`,`age`,`state`) VALUES ('2731554511@qq.com','','123456788745612312345678','123',229,0)  
[36;31m[0 rows affected or returned ][0m 
Error 1406: Data too long for column 'password' at row 1
Error 1406: Data too long for column 'password' at row 1

[35m(/usr/local/gopath/src/backend/graduate_registraor/model/user_info.go:46)[0m 
[33m[2020-04-13 23:32:06][0m  [36;1m[21.90ms][0m  SELECT * FROM `user_info`  WHERE (email='2731554511@qq.com') ORDER BY `user_info`.`id` DESC LIMIT 1  
[36;31m[0 rows affected or returned ][0m 

[35m(/usr/local/gopath/src/backend/graduate_registraor/model/user_info.go:51)[0m 
[33m[2020-04-13 23:32:06][0m  [36;1m[5.65ms][0m  SELECT * FROM `user_info`  WHERE (nickname='123') ORDER BY `user_info`.`id` DESC LIMIT 1  
[36;31m[0 rows affected or returned ][0m 
<nil>

[35m(/usr/local/gopath/src/backend/graduate_registraor/model/user_info.go:41)[0m 
[33m[2020-04-13 23:32:06][0m [31;1m Error 1406: Data too long for column 'password' at row 1 [0m

[35m(/usr/local/gopath/src/backend/graduate_registraor/model/user_info.go:41)[0m 
[33m[2020-04-13 23:32:06][0m  [36;1m[28.17ms][0m  INSERT INTO `user_info` (`email`,`phone`,`password`,`nickname`,`age`,`state`) VALUES ('2731554511@qq.com','','123456788745612312345678','123',229,0)  
[36;31m[0 rows affected or returned ][0m 
Error 1406: Data too long for column 'password' at row 1
Error 1406: Data too long for column 'password' at row 1
LoginController req=&{1500627021@qq.com} LoginController req=&{1964252235@qq.com} LoginController req=&{2731554511@qq.com} LoginController req=&{2731554511@qq.com} &{Email:2731554511@qq.com Phone:15692866650 Password:xy971212 NickName:xumy Age:12 ValidateCode:}UserRegistrator failed to invalid params[GIN-debug] [WARNING] Headers were already written. Wanted to override status code 400 with 200
LoginController req=&{2731554511@qq.com} LoginController req=&{2731554511@qq.com} &{Email:2731554511@qq.com Phone:15692866650 Password:123456781234567812345678 NickName:xumy Age:12 ValidateCode:}UserRegistrator failed to invalid params[GIN-debug] [WARNING] Headers were already written. Wanted to override status code 400 with 200
&{Email:2731554511@qq.com Phone:15692866650 Password:12345678 NickName:xumy Age:12 ValidateCode:}UserRegistrator failed to invalid params[GIN-debug] [WARNING] Headers were already written. Wanted to override status code 400 with 200
&{Email:2731554511@qq.com Phone:15692866650 Password:12345678 NickName:xumy Age:12 ValidateCode:}UserRegistrator failed to invalid params[GIN-debug] [WARNING] Headers were already written. Wanted to override status code 400 with 200
&{Email:2731554511@qq.com Phone:15692866650 Password:12345678 NickName:xumy Age:12 ValidateCode:}UserRegistrator failed to invalid params[GIN-debug] [WARNING] Headers were already written. Wanted to override status code 400 with 200
&{Email:2731554511@qq.com Phone:15692866650 Password:12345678 NickName:xumy Age:12 ValidateCode:}UserRegistrator failed to invalid params[GIN-debug] [WARNING] Headers were already written. Wanted to override status code 400 with 200
&{Email:2731554511@qq.com Phone:15692866650 Password:12345678 NickName:xumy Age:12 ValidateCode:}UserRegistrator failed to invalid params[GIN-debug] [WARNING] Headers were already written. Wanted to override status code 400 with 200
&{Email:2731554511@qq.com Phone:15692866650 Password:12345678 NickName:xumy Age:12 ValidateCode:}UserRegistrator failed to invalid params[GIN-debug] [WARNING] Headers were already written. Wanted to override status code 400 with 200
&{Email:2731554511@qq.com Phone:15692866650 Password:12345678 NickName:xumy Age:12 ValidateCode:}UserRegistrator failed to invalid params[GIN-debug] [WARNING] Headers were already written. Wanted to override status code 400 with 200
LoginController req=&{2731554511@qq.com} [mysql] 2020/05/02 16:58:56 packets.go:122: closing bad idle connection: EOF
[mysql] 2020/05/02 16:58:56 connection.go:158: driver: bad connection

[35m(/usr/local/gopath/src/backend/graduate_registraor/model/user_info.go:46)[0m 
[33m[2020-05-02 16:58:56][0m  [36;1m[52.55ms][0m  SELECT * FROM `user_info`  WHERE (email='2731554511@qq.com') ORDER BY `user_info`.`id` DESC LIMIT 1  
[36;31m[0 rows affected or returned ][0m 

[35m(/usr/local/gopath/src/backend/graduate_registraor/model/user_info.go:51)[0m 
[33m[2020-05-02 16:58:56][0m  [36;1m[18.02ms][0m  SELECT * FROM `user_info`  WHERE (nickname='123') ORDER BY `user_info`.`id` DESC LIMIT 1  
[36;31m[0 rows affected or returned ][0m 
<nil>

[35m(/usr/local/gopath/src/backend/graduate_registraor/model/user_info.go:41)[0m 
[33m[2020-05-02 16:58:56][0m  [36;1m[21.06ms][0m  INSERT INTO `user_info` (`email`,`phone`,`password`,`nickname`,`age`,`state`) VALUES ('2731554511@qq.com','','12345678','123',111111111,0)  
[36;31m[1 rows affected or returned ][0m 
LoginController req=&{2731554511@qq.com} &{Mail: ValidateCode:676538 Password:12345678}GetPasswordByEmail failed to invalid params[GIN-debug] [WARNING] Headers were already written. Wanted to override status code 400 with 200
&{Mail: ValidateCode:676538 Password:12345678}GetPasswordByEmail failed to invalid params[GIN-debug] [WARNING] Headers were already written. Wanted to override status code 400 with 200
&{Mail: ValidateCode: Password:12345678}GetPasswordByEmail failed to invalid params[GIN-debug] [WARNING] Headers were already written. Wanted to override status code 400 with 200
&{Mail: ValidateCode: Password:12345678}GetPasswordByEmail failed to invalid params[GIN-debug] [WARNING] Headers were already written. Wanted to override status code 400 with 200
&{Mail: ValidateCode:676538 Password:123456788}GetPasswordByEmail failed to invalid params[GIN-debug] [WARNING] Headers were already written. Wanted to override status code 400 with 200
&{Mail: ValidateCode:676538 Password:12345678}GetPasswordByEmail failed to invalid params[GIN-debug] [WARNING] Headers were already written. Wanted to override status code 400 with 200
&{Mail: ValidateCode:676538 Password:12345678}GetPasswordByEmail failed to invalid params[GIN-debug] [WARNING] Headers were already written. Wanted to override status code 400 with 200
&{Mail: ValidateCode:676538 Password:12345678}GetPasswordByEmail failed to invalid params[GIN-debug] [WARNING] Headers were already written. Wanted to override status code 400 with 200
LoginController req=&{2731554511@qq.com} &{Mail: ValidateCode:564307 Password:12345678}GetPasswordByEmail failed to invalid params[GIN-debug] [WARNING] Headers were already written. Wanted to override status code 400 with 200
2731554511@qq.com_564307
564307

[35m(/usr/local/gopath/src/backend/graduate_registraor/model/user_info.go:46)[0m 
[33m[2020-05-02 17:07:34][0m  [36;1m[23.17ms][0m  SELECT * FROM `user_info`  WHERE (email='2731554511@qq.com') ORDER BY `user_info`.`id` DESC LIMIT 1  
[36;31m[1 rows affected or returned ][0m 

[35m(/usr/local/gopath/src/backend/graduate_registraor/model/user_info.go:64)[0m 
[33m[2020-05-02 17:07:34][0m  [36;1m[30.74ms][0m  UPDATE `user_info` SET `age` = 111111111, `email` = '2731554511@qq.com', `id` = 25, `nickname` = '123', `password` = '12345687'  WHERE (email='2731554511@qq.com' )  
[36;31m[1 rows affected or returned ][0m 
LoginController req=&{Mail:2731554511@qq.com ValidateCode:564307 Password:12345687} &{Mail: ValidateCode:564307 Password:12345678}GetPasswordByEmail failed to invalid params[GIN-debug] [WARNING] Headers were already written. Wanted to override status code 400 with 200
&{Mail: ValidateCode:564307 Password:12345678}GetPasswordByEmail failed to invalid params[GIN-debug] [WARNING] Headers were already written. Wanted to override status code 400 with 200
&{Mail: ValidateCode:564307 Password:12345678}GetPasswordByEmail failed to invalid params[GIN-debug] [WARNING] Headers were already written. Wanted to override status code 400 with 200
LoginController req=&{2731554511@qq.com} &{Mail: ValidateCode:567976 Password:12345678}GetPasswordByEmail failed to invalid params[GIN-debug] [WARNING] Headers were already written. Wanted to override status code 400 with 200
2731554511@qq.com_567976
567976

[35m(/usr/local/gopath/src/backend/graduate_registraor/model/user_info.go:46)[0m 
[33m[2020-05-02 17:09:32][0m  [36;1m[19.93ms][0m  SELECT * FROM `user_info`  WHERE (email='2731554511@qq.com') ORDER BY `user_info`.`id` DESC LIMIT 1  
[36;31m[1 rows affected or returned ][0m 

[35m(/usr/local/gopath/src/backend/graduate_registraor/model/user_info.go:64)[0m 
[33m[2020-05-02 17:09:32][0m  [36;1m[9.11ms][0m  UPDATE `user_info` SET `age` = 111111111, `email` = '2731554511@qq.com', `id` = 25, `nickname` = '123', `password` = '12345678'  WHERE (email='2731554511@qq.com' )  
[36;31m[1 rows affected or returned ][0m 
LoginController req=&{Mail:2731554511@qq.com ValidateCode:567976 Password:12345678} &{Email: Phone:15692866650 Password:12345678 NickName:xumy Age:12 ValidateCode:072701}UserRegistrator failed to invalid params[GIN-debug] [WARNING] Headers were already written. Wanted to override status code 400 with 200
&{Email: Phone:15692866650 Password:12345678 NickName:xumy Age:12 ValidateCode:072701}UserRegistrator failed to invalid params[GIN-debug] [WARNING] Headers were already written. Wanted to override status code 400 with 200
LoginController req=&{2731554511@qq.com} &{Email:2731554511@qq.com Phone:15692866650 Password:xy971212 NickName:xumy Age:12 ValidateCode:}UserRegistrator failed to invalid params[GIN-debug] [WARNING] Headers were already written. Wanted to override status code 400 with 200
æ ¹æ®æ‚¨çš„å¹´é¾„,ä¸èƒ½æ³¨å†Œ
&{Email:2731554511@qq.com Phone:15692866650 Password:12345678 NickName:xumy Age:0 ValidateCode:373784}UserRegistrator failed to invalid params[GIN-debug] [WARNING] Headers were already written. Wanted to override status code 400 with 200
æ ¹æ®æ‚¨çš„å¹´é¾„,ä¸èƒ½æ³¨å†Œ
[mysql] 2020/05/03 15:39:17 packets.go:122: closing bad idle connection: EOF
[mysql] 2020/05/03 15:39:17 connection.go:158: driver: bad connection

[35m(/usr/local/gopath/src/backend/graduate_registraor/model/user_info.go:46)[0m 
[33m[2020-05-03 15:39:17][0m  [36;1m[37.41ms][0m  SELECT * FROM `user_info`  WHERE (email='731554511@qq.com') ORDER BY `user_info`.`id` DESC LIMIT 1  
[36;31m[0 rows affected or returned ][0m 

[35m(/usr/local/gopath/src/backend/graduate_registraor/model/user_info.go:56)[0m 
[33m[2020-05-03 15:39:17][0m  [36;1m[17.65ms][0m  SELECT * FROM `user_info`  WHERE (phone='15692866650') ORDER BY `user_info`.`id` DESC LIMIT 1  
[36;31m[0 rows affected or returned ][0m 

[35m(/usr/local/gopath/src/backend/graduate_registraor/model/user_info.go:51)[0m 
[33m[2020-05-03 15:39:17][0m  [36;1m[17.20ms][0m  SELECT * FROM `user_info`  WHERE (nickname='xumy') ORDER BY `user_info`.`id` DESC LIMIT 1  
[36;31m[0 rows affected or returned ][0m 
redigo: nil returned
éªŒè¯ç æˆ–å·²è¿‡æœŸ731554511@qq.coméªŒè¯ç å·²è¿‡æœŸ
&{Email:2731554511@qq.com Phone:15692866650 Password:12345678 NickName: Age:18 ValidateCode:373784}UserRegistrator failed to invalid params[GIN-debug] [WARNING] Headers were already written. Wanted to override status code 400 with 200
LoginController req=&{2731554511@qq.com} 
[35m(/usr/local/gopath/src/backend/graduate_registraor/model/user_info.go:46)[0m 
[33m[2020-05-03 15:41:17][0m  [36;1m[26.04ms][0m  SELECT * FROM `user_info`  WHERE (email='2731554511@qq.com') ORDER BY `user_info`.`id` DESC LIMIT 1  
[36;31m[0 rows affected or returned ][0m 

[35m(/usr/local/gopath/src/backend/graduate_registraor/model/user_info.go:56)[0m 
[33m[2020-05-03 15:41:17][0m  [36;1m[17.78ms][0m  SELECT * FROM `user_info`  WHERE (phone='15692866650') ORDER BY `user_info`.`id` DESC LIMIT 1  
[36;31m[0 rows affected or returned ][0m 

[35m(/usr/local/gopath/src/backend/graduate_registraor/model/user_info.go:51)[0m 
[33m[2020-05-03 15:41:17][0m  [36;1m[19.92ms][0m  SELECT * FROM `user_info`  WHERE (nickname='xumy') ORDER BY `user_info`.`id` DESC LIMIT 1  
[36;31m[0 rows affected or returned ][0m 
<nil>

[35m(/usr/local/gopath/src/backend/graduate_registraor/model/user_info.go:41)[0m 
[33m[2020-05-03 15:41:17][0m [31;1m Error 1406: Data too long for column 'password' at row 1 [0m

[35m(/usr/local/gopath/src/backend/graduate_registraor/model/user_info.go:41)[0m 
[33m[2020-05-03 15:41:17][0m  [36;1m[22.37ms][0m  INSERT INTO `user_info` (`email`,`phone`,`password`,`nickname`,`age`,`state`) VALUES ('2731554511@qq.com','15692866650','123456781234567812345678','xumy',15,0)  
[36;31m[0 rows affected or returned ][0m 
Error 1406: Data too long for column 'password' at row 1
Error 1406: Data too long for column 'password' at row 1

[35m(/usr/local/gopath/src/backend/graduate_registraor/model/user_info.go:46)[0m 
[33m[2020-05-03 15:44:09][0m  [36;1m[22.90ms][0m  SELECT * FROM `user_info`  WHERE (email='731554511@qq.com') ORDER BY `user_info`.`id` DESC LIMIT 1  
[36;31m[0 rows affected or returned ][0m 

[35m(/usr/local/gopath/src/backend/graduate_registraor/model/user_info.go:56)[0m 
[33m[2020-05-03 15:44:09][0m  [36;1m[23.76ms][0m  SELECT * FROM `user_info`  WHERE (phone='15692866650') ORDER BY `user_info`.`id` DESC LIMIT 1  
[36;31m[0 rows affected or returned ][0m 

[35m(/usr/local/gopath/src/backend/graduate_registraor/model/user_info.go:51)[0m 
[33m[2020-05-03 15:44:09][0m  [36;1m[18.00ms][0m  SELECT * FROM `user_info`  WHERE (nickname='xumy') ORDER BY `user_info`.`id` DESC LIMIT 1  
[36;31m[0 rows affected or returned ][0m 
redigo: nil returned
éªŒè¯ç æˆ–å·²è¿‡æœŸ731554511@qq.coméªŒè¯ç å·²è¿‡æœŸ
LoginController req=&{2731554511@qq.com} æ ¹æ®æ‚¨çš„å¹´é¾„,ä¸èƒ½æ³¨å†Œ

[35m(/usr/local/gopath/src/backend/graduate_registraor/model/user_info.go:46)[0m 
[33m[2020-05-03 15:44:48][0m  [36;1m[17.93ms][0m  SELECT * FROM `user_info`  WHERE (email='731554511@qq.com') ORDER BY `user_info`.`id` DESC LIMIT 1  
[36;31m[0 rows affected or returned ][0m 

[35m(/usr/local/gopath/src/backend/graduate_registraor/model/user_info.go:56)[0m 
[33m[2020-05-03 15:44:48][0m  [36;1m[17.40ms][0m  SELECT * FROM `user_info`  WHERE (phone='15692866650') ORDER BY `user_info`.`id` DESC LIMIT 1  
[36;31m[0 rows affected or returned ][0m 

[35m(/usr/local/gopath/src/backend/graduate_registraor/model/user_info.go:51)[0m 
[33m[2020-05-03 15:44:48][0m  [36;1m[17.13ms][0m  SELECT * FROM `user_info`  WHERE (nickname='xumy') ORDER BY `user_info`.`id` DESC LIMIT 1  
[36;31m[0 rows affected or returned ][0m 
redigo: nil returned
éªŒè¯ç æˆ–å·²è¿‡æœŸ731554511@qq.coméªŒè¯ç å·²è¿‡æœŸ

[35m(/usr/local/gopath/src/backend/graduate_registraor/model/user_info.go:46)[0m 
[33m[2020-05-03 15:44:58][0m  [36;1m[22.89ms][0m  SELECT * FROM `user_info`  WHERE (email='731554511@qq.com') ORDER BY `user_info`.`id` DESC LIMIT 1  
[36;31m[0 rows affected or returned ][0m 

[35m(/usr/local/gopath/src/backend/graduate_registraor/model/user_info.go:56)[0m 
[33m[2020-05-03 15:44:58][0m  [36;1m[19.86ms][0m  SELECT * FROM `user_info`  WHERE (phone='15692866650') ORDER BY `user_info`.`id` DESC LIMIT 1  
[36;31m[0 rows affected or returned ][0m 

[35m(/usr/local/gopath/src/backend/graduate_registraor/model/user_info.go:51)[0m 
[33m[2020-05-03 15:44:58][0m  [36;1m[18.87ms][0m  SELECT * FROM `user_info`  WHERE (nickname='xumy') ORDER BY `user_info`.`id` DESC LIMIT 1  
[36;31m[0 rows affected or returned ][0m 
redigo: nil returned
éªŒè¯ç æˆ–å·²è¿‡æœŸ731554511@qq.coméªŒè¯ç å·²è¿‡æœŸ

[35m(/usr/local/gopath/src/backend/graduate_registraor/model/user_info.go:46)[0m 
[33m[2020-05-03 15:45:01][0m  [36;1m[14.42ms][0m  SELECT * FROM `user_info`  WHERE (email='731554511@qq.com') ORDER BY `user_info`.`id` DESC LIMIT 1  
[36;31m[0 rows affected or returned ][0m 

[35m(/usr/local/gopath/src/backend/graduate_registraor/model/user_info.go:56)[0m 
[33m[2020-05-03 15:45:01][0m  [36;1m[17.58ms][0m  SELECT * FROM `user_info`  WHERE (phone='15692866650') ORDER BY `user_info`.`id` DESC LIMIT 1  
[36;31m[0 rows affected or returned ][0m 

[35m(/usr/local/gopath/src/backend/graduate_registraor/model/user_info.go:51)[0m 
[33m[2020-05-03 15:45:01][0m  [36;1m[14.83ms][0m  SELECT * FROM `user_info`  WHERE (nickname='xumy') ORDER BY `user_info`.`id` DESC LIMIT 1  
[36;31m[0 rows affected or returned ][0m 
redigo: nil returned
éªŒè¯ç æˆ–å·²è¿‡æœŸ731554511@qq.coméªŒè¯ç å·²è¿‡æœŸ

[35m(/usr/local/gopath/src/backend/graduate_registraor/model/user_info.go:46)[0m 
[33m[2020-05-03 15:45:21][0m  [36;1m[24.83ms][0m  SELECT * FROM `user_info`  WHERE (email='1731554511@qq.com') ORDER BY `user_info`.`id` DESC LIMIT 1  
[36;31m[0 rows affected or returned ][0m 

[35m(/usr/local/gopath/src/backend/graduate_registraor/model/user_info.go:56)[0m 
[33m[2020-05-03 15:45:21][0m  [36;1m[10.51ms][0m  SELECT * FROM `user_info`  WHERE (phone='15692866650') ORDER BY `user_info`.`id` DESC LIMIT 1  
[36;31m[0 rows affected or returned ][0m 

[35m(/usr/local/gopath/src/backend/graduate_registraor/model/user_info.go:51)[0m 
[33m[2020-05-03 15:45:21][0m  [36;1m[18.25ms][0m  SELECT * FROM `user_info`  WHERE (nickname='xumy') ORDER BY `user_info`.`id` DESC LIMIT 1  
[36;31m[0 rows affected or returned ][0m 
redigo: nil returned
éªŒè¯ç æˆ–å·²è¿‡æœŸ1731554511@qq.coméªŒè¯ç å·²è¿‡æœŸ
